
=== CAPTCHA Verification Start (2025-08-15 07:29:08) ===
Received token: '0cAFcWeA6Omqs08mybPz52BTP5eUApUDXJ07fU5-Iz591A2pWrrLHj7c0f0tLsSPQ_IEk_YsgYZro-VAwRG-BQoaGfVtfcpnTe2Egp3k6B4CSmK-xsw7v1Rq9-5Nkl9gTwop06m2Q844UnH7oFbDvfBZLthPYgDSmGvrZAiVCz0x74kQmTymoZWLp4GK_CnsF4fZY8TK60Jl361TH4LeYcn1k49_MHjyDS6F_rdB6urnI4q5FBCGbBlQHFChuJCCnJVWrezyq8_FSC916lsa9euFjBKOuxwIob9ewS7kaqXBJ5E5Kv5CsL17rn5w3MFFr1l5Ft0HVJrXfrgeyo1XipjvbCRyiqvGFi_gkDMdYUWsnQV50wvr_tLUReSq5QPefuYzI2cg0hdJZU_3yecCpnz3WCSDPWEEbciBJr67_FL0IJpjSq18rOUduB0vPtjlzhlOk34hWtKuOLS44vO1CLjwNg1SDOsryG7ri-7JuaTPCyjyF_MHDuP7cWdzNIyCssASbp748Wf51TVSjx4GSmEWSsNwn87XE69dJUda0VEj8BeJfaLBzBNWLUxa5HZzrVNztV1kPuenMjfDwuwtAFb12TZq7Q0bY3SziQN5tqq_3z8kJ_YRSbxWQ2fSvDQUKBt1mNHkZI_eNdxw7FuKeKJLetF8_ojnf571qfmaqvNsr3Yj0k2nt_7-K0Op_V0_-rezvaiWGTNQAF0cBVFlmlo-huUt-Jt4Eqj1rq3flLILlo_SchhFP1d-eb-LRhOwePmX48AOZlOWB-maw8PXqJZnV_nNvVyV08236lHHN6H50oDmJkeIKzHvEtqGwrNXU0YxZb_pOCDnKObN2Zc0iiZfArMXsJA3AiP1V2lgNKrYeYwNZaAGRnzxUVkv2RN-RJhvYu2hTal-_67IQ3p6MCN8iATydlJXrNSRJRj2LdoKxFvJa5c4G_C2-XG1pc_sAUcnrV9w9zrZn1v9hhFFsCHNKXN-BsgA3li6FlXkTySUy_rZ9rC4AwLjbtCl1A1_P419mX242YOby1OMqGq5iSmNH-gHnNVGUcskHHpDFvAnPa2QP3fMK9_Octb20C8G-iWevcTSw7hHQpZRblMjFiETo3mlWX5xBPVcRT6YHWwDOslLyP4SXBV8NFT7rVjxRc2Wj-7ZSeM5QWkRExSSdVCkPjaRvlCDM7lBPDDXxzAexWWQTm7ls63dk72Ly6a8w6n2qXKm31XC19dO_s-TXWzEbSzN6BptBDhQQKdzpYgVQtel8jYiTIAWfYCWdfLIgiV4yUVfYC8nfYgFyLRGy6GqDPil-JgF_UazuLAg4_yS5oJ8sm44EBL6Bkt0HLuY7TizoIQM3KuYNgotf8zklfX-ZhUAFmU7Ojolgzv49MZEfjKYgJ7PcBLVVb7SlXWFglp2Yojl253IXv2YWqgZNAvvhlNjxDXwy-LjjHTjwH7rdOMmX2dN5NUNNbWn48CXEtGKvw4CztHHgEGacfShdcQNBxZtSsXERgy6Hc2z81FHQbOy71FelTNjTFO0X_AGsWXYNBI24LCcGxERAhCAQDRx8RIvviYz6WZ6lj0Yx6Q8SzPXbZAchCQbg'
Request Data: Array
(
    [secret] => 6Le2vqMrAAAAANI62Vk4UllWsoeUahl1RVNSLs-m
    [response] => 0cAFcWeA6Omqs08mybPz52BTP5eUApUDXJ07fU5-Iz591A2pWrrLHj7c0f0tLsSPQ_IEk_YsgYZro-VAwRG-BQoaGfVtfcpnTe2Egp3k6B4CSmK-xsw7v1Rq9-5Nkl9gTwop06m2Q844UnH7oFbDvfBZLthPYgDSmGvrZAiVCz0x74kQmTymoZWLp4GK_CnsF4fZY8TK60Jl361TH4LeYcn1k49_MHjyDS6F_rdB6urnI4q5FBCGbBlQHFChuJCCnJVWrezyq8_FSC916lsa9euFjBKOuxwIob9ewS7kaqXBJ5E5Kv5CsL17rn5w3MFFr1l5Ft0HVJrXfrgeyo1XipjvbCRyiqvGFi_gkDMdYUWsnQV50wvr_tLUReSq5QPefuYzI2cg0hdJZU_3yecCpnz3WCSDPWEEbciBJr67_FL0IJpjSq18rOUduB0vPtjlzhlOk34hWtKuOLS44vO1CLjwNg1SDOsryG7ri-7JuaTPCyjyF_MHDuP7cWdzNIyCssASbp748Wf51TVSjx4GSmEWSsNwn87XE69dJUda0VEj8BeJfaLBzBNWLUxa5HZzrVNztV1kPuenMjfDwuwtAFb12TZq7Q0bY3SziQN5tqq_3z8kJ_YRSbxWQ2fSvDQUKBt1mNHkZI_eNdxw7FuKeKJLetF8_ojnf571qfmaqvNsr3Yj0k2nt_7-K0Op_V0_-rezvaiWGTNQAF0cBVFlmlo-huUt-Jt4Eqj1rq3flLILlo_SchhFP1d-eb-LRhOwePmX48AOZlOWB-maw8PXqJZnV_nNvVyV08236lHHN6H50oDmJkeIKzHvEtqGwrNXU0YxZb_pOCDnKObN2Zc0iiZfArMXsJA3AiP1V2lgNKrYeYwNZaAGRnzxUVkv2RN-RJhvYu2hTal-_67IQ3p6MCN8iATydlJXrNSRJRj2LdoKxFvJa5c4G_C2-XG1pc_sAUcnrV9w9zrZn1v9hhFFsCHNKXN-BsgA3li6FlXkTySUy_rZ9rC4AwLjbtCl1A1_P419mX242YOby1OMqGq5iSmNH-gHnNVGUcskHHpDFvAnPa2QP3fMK9_Octb20C8G-iWevcTSw7hHQpZRblMjFiETo3mlWX5xBPVcRT6YHWwDOslLyP4SXBV8NFT7rVjxRc2Wj-7ZSeM5QWkRExSSdVCkPjaRvlCDM7lBPDDXxzAexWWQTm7ls63dk72Ly6a8w6n2qXKm31XC19dO_s-TXWzEbSzN6BptBDhQQKdzpYgVQtel8jYiTIAWfYCWdfLIgiV4yUVfYC8nfYgFyLRGy6GqDPil-JgF_UazuLAg4_yS5oJ8sm44EBL6Bkt0HLuY7TizoIQM3KuYNgotf8zklfX-ZhUAFmU7Ojolgzv49MZEfjKYgJ7PcBLVVb7SlXWFglp2Yojl253IXv2YWqgZNAvvhlNjxDXwy-LjjHTjwH7rdOMmX2dN5NUNNbWn48CXEtGKvw4CztHHgEGacfShdcQNBxZtSsXERgy6Hc2z81FHQbOy71FelTNjTFO0X_AGsWXYNBI24LCcGxERAhCAQDRx8RIvviYz6WZ6lj0Yx6Q8SzPXbZAchCQbg
    [remoteip] => ::1
)

Raw response: '{
  "success": true,
  "challenge_ts": "2025-08-15T07:29:01Z",
  "hostname": "localhost"
}'
Decoded response: Array
(
    [success] => 1
    [challenge_ts] => 2025-08-15T07:29:01Z
    [hostname] => localhost
)


=== CAPTCHA Verification Start (2025-08-15 07:32:02) ===
Received token: '0cAFcWeA42StkwxhJhjIbllkadfH064fu2BkohDgzyzQtFg122suO5-m93LMKAEQYankC_rY93LXiTIAVHe-4eS6HADpcKbufJWK2Z1hmB7KXOefepjYPuDC9xzvWyQH2-qzUaBXFX6u2oFwHHkr750TIihZCfhC5Np-siXORtK8G9Cd3JK6SMmpQ9GcbV6h8a-I5_2nXRZT_JjOmLZEVamYm-NmFuoJJ7rCuwRUsf1_uYVt2Vu9hHdv34wCy57cMy5GOMlU3jqHtIMT9MQksGRsFOnrYRi3lsDTzzVm13wAWb_i4eXnsqz3bdA0Tn7y0V8gIYGM6JQKhGFIujONpZzT-etQWRujrA-k7fTde5bsyuvQc5nQUyx5Fy8D_n3AJkvGsAj8AadlNGn9dBUsbx3vA9HMGHgzGQ8Unsdhcvp0sysMPkJLKZuISHbUBW2AmB5qTlkhnWombAD7JYFj8KzNMb1fxqcXmJkmIj6bvloX566xvBuXVLr8XpGbbDtN8FIpRaxPmnAXtc9HEjFyslUE-wgPXcbblrUPDKMJ_IO7V5F7YLruG5ClCjKSsNpNoX77aZcBesP9hUN-CTHYooKMXnjMkBF_S3kLPTS8q7Lt02uL15DPpTF6infjr92JSmK7JkXtwb0FwOCt5qD9GW1KZWWLHIRZx7o-5BLIxTO_qnH5Gf5R48AoKEjI8VMmPBlBkd06TDrdWo7okuK7zd4eNC7m4ZtnwqiwUwLOtXuaX_3yzwYOYT8Su2utTYVA3F_9yXYAAuL-m1GlVEVaJtetZcjTRVXlIYOmSKMjeDh970CuaF3yKNu1Ija-YkbsCrkhxwubnEMtWCcMBvvN9AfGg9-gEl5EAZKghUryZ7mVo77GIAQEcn1yMQEuiANVJL6Kn8Nh-R3ye6a_BOUA0LV1FrYce2ELcpWa9C6bZGdX5mb4GblEFuG1uKMwpKWu4rQ0W59xEv4OAjQYyLD6VhCgYJSwXk4BCgzkc52kl6IFKh2GPOQFnNLWHYGSsdfjNx0ulHIyLsLXBBSjll0AcIK8crww1DGu0NV_rK9h2IO2J6wHcRj0FabHj3S1wS8mUkzeWzTEtzI5JWyzBE-BD9P6CgbH-vPHFwrt0vDAIR6xmV4YVfru9zwhIeFLWkFAzRT0OlqnlBRTlPbT7k8smi1WNgdi2nEAEEulLcI5IjLRUNX9Eg1PlcPAubjeoxj5rv8FxlOqSkwKz2Lk0-MeFPCH01vwTeLYtxMRdZ-LkI6iAVA_ZhSYtREtl_oFSv2QNZ9d6EqR9IxmXCCv4uJqFxUfSlAYtOO7BJMPSvsLZyscnECYSTME3uOC25hG61nkBF3ksYXTWTd3m8d3cd9pDJ2vFEz-lFbuv8OLvsTIFMpjOByJl-5ySkKWxwMS-08aOcHKaDgtESAbLfZ27IBRT0N2H592-9RBBXlBXlKyLvPmhQk3qa8KMvzOqRpNFz-Xh-LIzOBaasRIqSnMne-h6d2NiuCFNmUMDpj725IA5XnLB0ws9-OUka1ghydlAJSwHwA2uy81LTdwm9gqiyDO6ngtZs8S10UkBWypecacNjWOtyLwvVuydur0WpdwdWN1bKHKwhMhXU1WtZ0ZyjmqK1evzpGlnCRm54AQ'
Request Data: Array
(
    [secret] => 6Le2vqMrAAAAANI62Vk4UllWsoeUahl1RVNSLs-m
    [response] => 0cAFcWeA42StkwxhJhjIbllkadfH064fu2BkohDgzyzQtFg122suO5-m93LMKAEQYankC_rY93LXiTIAVHe-4eS6HADpcKbufJWK2Z1hmB7KXOefepjYPuDC9xzvWyQH2-qzUaBXFX6u2oFwHHkr750TIihZCfhC5Np-siXORtK8G9Cd3JK6SMmpQ9GcbV6h8a-I5_2nXRZT_JjOmLZEVamYm-NmFuoJJ7rCuwRUsf1_uYVt2Vu9hHdv34wCy57cMy5GOMlU3jqHtIMT9MQksGRsFOnrYRi3lsDTzzVm13wAWb_i4eXnsqz3bdA0Tn7y0V8gIYGM6JQKhGFIujONpZzT-etQWRujrA-k7fTde5bsyuvQc5nQUyx5Fy8D_n3AJkvGsAj8AadlNGn9dBUsbx3vA9HMGHgzGQ8Unsdhcvp0sysMPkJLKZuISHbUBW2AmB5qTlkhnWombAD7JYFj8KzNMb1fxqcXmJkmIj6bvloX566xvBuXVLr8XpGbbDtN8FIpRaxPmnAXtc9HEjFyslUE-wgPXcbblrUPDKMJ_IO7V5F7YLruG5ClCjKSsNpNoX77aZcBesP9hUN-CTHYooKMXnjMkBF_S3kLPTS8q7Lt02uL15DPpTF6infjr92JSmK7JkXtwb0FwOCt5qD9GW1KZWWLHIRZx7o-5BLIxTO_qnH5Gf5R48AoKEjI8VMmPBlBkd06TDrdWo7okuK7zd4eNC7m4ZtnwqiwUwLOtXuaX_3yzwYOYT8Su2utTYVA3F_9yXYAAuL-m1GlVEVaJtetZcjTRVXlIYOmSKMjeDh970CuaF3yKNu1Ija-YkbsCrkhxwubnEMtWCcMBvvN9AfGg9-gEl5EAZKghUryZ7mVo77GIAQEcn1yMQEuiANVJL6Kn8Nh-R3ye6a_BOUA0LV1FrYce2ELcpWa9C6bZGdX5mb4GblEFuG1uKMwpKWu4rQ0W59xEv4OAjQYyLD6VhCgYJSwXk4BCgzkc52kl6IFKh2GPOQFnNLWHYGSsdfjNx0ulHIyLsLXBBSjll0AcIK8crww1DGu0NV_rK9h2IO2J6wHcRj0FabHj3S1wS8mUkzeWzTEtzI5JWyzBE-BD9P6CgbH-vPHFwrt0vDAIR6xmV4YVfru9zwhIeFLWkFAzRT0OlqnlBRTlPbT7k8smi1WNgdi2nEAEEulLcI5IjLRUNX9Eg1PlcPAubjeoxj5rv8FxlOqSkwKz2Lk0-MeFPCH01vwTeLYtxMRdZ-LkI6iAVA_ZhSYtREtl_oFSv2QNZ9d6EqR9IxmXCCv4uJqFxUfSlAYtOO7BJMPSvsLZyscnECYSTME3uOC25hG61nkBF3ksYXTWTd3m8d3cd9pDJ2vFEz-lFbuv8OLvsTIFMpjOByJl-5ySkKWxwMS-08aOcHKaDgtESAbLfZ27IBRT0N2H592-9RBBXlBXlKyLvPmhQk3qa8KMvzOqRpNFz-Xh-LIzOBaasRIqSnMne-h6d2NiuCFNmUMDpj725IA5XnLB0ws9-OUka1ghydlAJSwHwA2uy81LTdwm9gqiyDO6ngtZs8S10UkBWypecacNjWOtyLwvVuydur0WpdwdWN1bKHKwhMhXU1WtZ0ZyjmqK1evzpGlnCRm54AQ
    [remoteip] => ::1
)

Raw response: '{
  "success": true,
  "challenge_ts": "2025-08-15T07:31:48Z",
  "hostname": "localhost"
}'
Decoded response: Array
(
    [success] => 1
    [challenge_ts] => 2025-08-15T07:31:48Z
    [hostname] => localhost
)

Command: "C:\Users\Cj\AppData\Local\Programs\Python\Python313\python.exe" "C:\Users\Cj\Documents\AskCMU CAPSTONE\backend\pseudo_ai.py" "hi" "Chris John" 2>&1
Query: hi
UserName: Chris John
Output: Hey! Ask me anything about enrollment or requirements. Is there something specific you want to ask about?
Command: "C:\Users\Cj\AppData\Local\Programs\Python\Python313\python.exe" "C:\Users\Cj\Documents\AskCMU CAPSTONE\backend\pseudo_ai.py" "what is enrollment" "Chris John" 2>&1
Query: what is enrollment
UserName: Chris John
Output: Enrollment starts on August 15. You can register online or visit the registrar's office. Would you like to know the requirements or the steps to enroll?

=== CAPTCHA Verification Start (2025-08-15 07:51:37) ===
Received token: '03AFcWeA5vbsGWo0xd_fATn99YqsA2lSCxoc3rdKuYR4GsLBsvaEt9F85m0XfTP5_1djpRPIYvMRwrkPOSQKCywHIUXVs2rhtH7sv0pfXhLwwo7Z23N2ir81utLduKPxd6pl5gazxN9idTtIfwLmTEXMgOwvhKKPBvWv6PkAwEY6MfrsHU245uV6G_iuba1Q4Hy7PT7x_KqHIEmHY-ZeY1aFaxjMP-mzXXOp98cr3Ri5UTOgGPLk_Wpf_NUImV66E3ikGvQDcW1I7y64kPgtLiT0cwVbx__9V9Jue5FXVkECeWVDVxKwonv8VHjujUDNlPHrsCpVO-i_jW96hbmvdip7D8EssDjqhYjk_o6Bfe-GWqNDf52UWxCazWtJ_Ov9RmYq6Fze7QYvXt-5V-YEgjI-xU-Fp6recDn_S-8vbFBHdHEs3SPhdCW3f_iY0QHN8rm2DnXO1Ux-ZnJr1yuq0D6bdN96u1giDl3NM4VIKSwWjP8WMn4NOnhZ9JMluFxP2vGzPpZAWnVBz0pxb1RWrnolgFLzgHTMhEexGhe3P_dG9hypvHmSyBdfDgebopPauGejGzLt3M0M0RxFaugLTJMDhRsHpkUPn5P8bYyWjNKzgcjvg3GDEWqdOFrXmqhq0QVaqINWua8KNVMLjez2U4ytlwWHzDd4J9SsrlKhbRc2UTW3ExhrYSNwW-lp5PDol3LsXSKg61VXwPf-KJPWD2jjq-OeriQaLRTm5PrtoINZhgjcYezfNDl39m7UbsX5dgcSSHR2GfjOm8bHImmyUrttVFYwu3YnQ0L0tR9F4GdTm-9W08VE5zq-et8BcwvI9gBptOt4RnA4F5yXGnM7XnaKMCsR-KYQ6NKmLhnM1I8l5KVNkiLMM1pp7ity35QxbNsEIbmwhRD0xVigaTuur1V1i39yq4ydJBGDG-sfx0sGgrMdEOAztYsyZ6HzEX08Ar1BfK0baRo2r4K5d61R6jj-4n0AGQSh0MK6tIo9ggOnbrxKu16QGgCBPGKtMhoAvt9gR3-VuFxWEbSm8nj-gh4QCoW4Qbm7WJ03Y3F8h4XeG7WfDvm0qG0KFzsgAHJoG3GNIn8fIi4W9E_r2R6T-8c8__uQdXz8qsvioxL9UEWaIAjTG7E7AA5zO2_aGgjItOqcGxgYDT9q3wQRl4l3vqU9KNVknSVNgzZU6DT70Hba_Ob0-S21oqXUjoGpt2s7-rWxF7Qk5m2V0xQoIcDkali6NiaWTNxUnvuoyBKh2e_O2MTkNm83fp4iWpgyb92jI3CRgKm-CQPaxsBodpc5-gKAnAJIouGhyc0IFsWIwACTCQUIcLW7h5wH7hp-FkqIB-WKXplHxG6ceXjs_Az2myxXbYm-AWHBm0KhCMpYM50L1tDo-87MwGt58uhIj83IZNDiSiDz9dFcspRW_l33-kuo4d1_ilB34FoJ4R0o_PBPOghZ1AqQdf6c02k5ostQDOOL3diAwSKjexOqV-4UYmKP-4xLWyvTrg9mm0fyGTX0ZAfHDpWUtgx_oMjrf_UyXfvt1JtgfbEBzRZRd_Mwz6wc0TNooCI1fsXLyMkGKe5KuCCKQLzElMdhyesDNWt_GvnQgNn4srcYjnWDo0udFhcuo-nWACkt2Ye4u3EXIKmTlewSFIqZPDgbMT2sjATiOdp8dTTETt_cca-2SIPa2Swl5jBqnD874SVg_vx8LppHH9gXVKcWUYzl6CpSo-2OBlgLOnP6uxeAETlWtfIlKENoFDZKXIXbE4p42wdbmqesv262tbP9E_HyrtejHs3r-Za99i7FCQUGBXiXgtOYS4vyp-XWeRP1Kw7b2cROYX9J36UNBKJoNmwr0jgXK194_8BfIQHtuWa8mlVQt3lrT1EMUEcgM_YK0BgB0gm_r_Ycjoo95HZyR5HMLIUPa4_o_Lnlfmhl_sd8iUqN46G0wdUodc_dsvB6l2MCz_329nmyK2m4cub9taOEpgJHj83-PHcySZQOv1o_v7i_tp8iRi6TmKotlQfptSoK54RAG528OaXTeYsDwjimgUEQwnqown49F4AvC1oEnVxtFwbIwvCId91Y1Ym_CE1g'
Request Data: Array
(
    [secret] => 6Le2vqMrAAAAANI62Vk4UllWsoeUahl1RVNSLs-m
    [response] => 03AFcWeA5vbsGWo0xd_fATn99YqsA2lSCxoc3rdKuYR4GsLBsvaEt9F85m0XfTP5_1djpRPIYvMRwrkPOSQKCywHIUXVs2rhtH7sv0pfXhLwwo7Z23N2ir81utLduKPxd6pl5gazxN9idTtIfwLmTEXMgOwvhKKPBvWv6PkAwEY6MfrsHU245uV6G_iuba1Q4Hy7PT7x_KqHIEmHY-ZeY1aFaxjMP-mzXXOp98cr3Ri5UTOgGPLk_Wpf_NUImV66E3ikGvQDcW1I7y64kPgtLiT0cwVbx__9V9Jue5FXVkECeWVDVxKwonv8VHjujUDNlPHrsCpVO-i_jW96hbmvdip7D8EssDjqhYjk_o6Bfe-GWqNDf52UWxCazWtJ_Ov9RmYq6Fze7QYvXt-5V-YEgjI-xU-Fp6recDn_S-8vbFBHdHEs3SPhdCW3f_iY0QHN8rm2DnXO1Ux-ZnJr1yuq0D6bdN96u1giDl3NM4VIKSwWjP8WMn4NOnhZ9JMluFxP2vGzPpZAWnVBz0pxb1RWrnolgFLzgHTMhEexGhe3P_dG9hypvHmSyBdfDgebopPauGejGzLt3M0M0RxFaugLTJMDhRsHpkUPn5P8bYyWjNKzgcjvg3GDEWqdOFrXmqhq0QVaqINWua8KNVMLjez2U4ytlwWHzDd4J9SsrlKhbRc2UTW3ExhrYSNwW-lp5PDol3LsXSKg61VXwPf-KJPWD2jjq-OeriQaLRTm5PrtoINZhgjcYezfNDl39m7UbsX5dgcSSHR2GfjOm8bHImmyUrttVFYwu3YnQ0L0tR9F4GdTm-9W08VE5zq-et8BcwvI9gBptOt4RnA4F5yXGnM7XnaKMCsR-KYQ6NKmLhnM1I8l5KVNkiLMM1pp7ity35QxbNsEIbmwhRD0xVigaTuur1V1i39yq4ydJBGDG-sfx0sGgrMdEOAztYsyZ6HzEX08Ar1BfK0baRo2r4K5d61R6jj-4n0AGQSh0MK6tIo9ggOnbrxKu16QGgCBPGKtMhoAvt9gR3-VuFxWEbSm8nj-gh4QCoW4Qbm7WJ03Y3F8h4XeG7WfDvm0qG0KFzsgAHJoG3GNIn8fIi4W9E_r2R6T-8c8__uQdXz8qsvioxL9UEWaIAjTG7E7AA5zO2_aGgjItOqcGxgYDT9q3wQRl4l3vqU9KNVknSVNgzZU6DT70Hba_Ob0-S21oqXUjoGpt2s7-rWxF7Qk5m2V0xQoIcDkali6NiaWTNxUnvuoyBKh2e_O2MTkNm83fp4iWpgyb92jI3CRgKm-CQPaxsBodpc5-gKAnAJIouGhyc0IFsWIwACTCQUIcLW7h5wH7hp-FkqIB-WKXplHxG6ceXjs_Az2myxXbYm-AWHBm0KhCMpYM50L1tDo-87MwGt58uhIj83IZNDiSiDz9dFcspRW_l33-kuo4d1_ilB34FoJ4R0o_PBPOghZ1AqQdf6c02k5ostQDOOL3diAwSKjexOqV-4UYmKP-4xLWyvTrg9mm0fyGTX0ZAfHDpWUtgx_oMjrf_UyXfvt1JtgfbEBzRZRd_Mwz6wc0TNooCI1fsXLyMkGKe5KuCCKQLzElMdhyesDNWt_GvnQgNn4srcYjnWDo0udFhcuo-nWACkt2Ye4u3EXIKmTlewSFIqZPDgbMT2sjATiOdp8dTTETt_cca-2SIPa2Swl5jBqnD874SVg_vx8LppHH9gXVKcWUYzl6CpSo-2OBlgLOnP6uxeAETlWtfIlKENoFDZKXIXbE4p42wdbmqesv262tbP9E_HyrtejHs3r-Za99i7FCQUGBXiXgtOYS4vyp-XWeRP1Kw7b2cROYX9J36UNBKJoNmwr0jgXK194_8BfIQHtuWa8mlVQt3lrT1EMUEcgM_YK0BgB0gm_r_Ycjoo95HZyR5HMLIUPa4_o_Lnlfmhl_sd8iUqN46G0wdUodc_dsvB6l2MCz_329nmyK2m4cub9taOEpgJHj83-PHcySZQOv1o_v7i_tp8iRi6TmKotlQfptSoK54RAG528OaXTeYsDwjimgUEQwnqown49F4AvC1oEnVxtFwbIwvCId91Y1Ym_CE1g
    [remoteip] => ::1
)

Raw response: '{
  "success": true,
  "challenge_ts": "2025-08-15T07:51:00Z",
  "hostname": "localhost"
}'
Decoded response: Array
(
    [success] => 1
    [challenge_ts] => 2025-08-15T07:51:00Z
    [hostname] => localhost
)

Command: "C:\Users\Cj\AppData\Local\Programs\Python\Python313\python.exe" "C:\Users\Cj\Documents\AskCMU CAPSTONE\backend\pseudo_ai.py" "hello" "Chris John" 2>&1
Query: hello
UserName: Chris John
Output: Hello! How can I help you today? Is there something specific you want to ask about?
Command: "C:\Users\Cj\AppData\Local\Programs\Python\Python313\python.exe" "C:\Users\Cj\Documents\AskCMU CAPSTONE\backend\pseudo_ai.py" "ernollment" "Chris John" 2>&1
Query: ernollment
UserName: Chris John
Output: I'm not sure about that yet. You can ask about enrollment, requirements, schedule, or tuition. What would you like to know?

=== CAPTCHA Verification Start (2025-08-15 08:00:05) ===
Received token: '0cAFcWeA6BVGKKTS8fn2iJ0hDpaFx4o-0aABuIaR3p6qqbGEcEhdFFG8aT1xUNB3M8MAmkaBmL6XX6YmXTTDu7n6O-10PPv4jmz2n1OMlokAHgJa5qn3m7tODqj_YEybnOVzbaB3dQoJ7qPI98pKz76TbBX0KHyVQJYPuJN_3sV8r8Z8_T_lR45Sqcz94l54-U6cAOBC1jxXjTLlHer2Shvpdaxl25bN-lYoN-2rSmxbpI5U7lLBoQjst_Hn69E8xhY5FmAbyLjI5ecy9JnkF-WJmVZzniYLBKP8clQjoT2xogFKrfLAxFK7qF8W_YcRNcWGkxi4fpiGytC0xLKHqQZ1b9Aq9N1VjHA0v78lqc1QOFwc3WrUpuJtALsiGx9o7F14tBIKwFgcaquVbTj0-Hc2tRk00ulxhN5P4K9D1j6Yqjnb_w-CByksBZKKUPbNUtc0qsl_rEKH44IAKdj11up4lsbiOmtg9XXiuw9F_P7VqQCvxvhrFZ4OdnT6SopyatsNLfrDCEGwOUDOW8nbXc8X-5QJ5ONcuufF7-FuJFIQ0UMvqO7LYLXf7rYTP4h0yb14YMnagMya_dMaSm2Ix9fNbwEb1--vjQpTN6-4KOQz0dunX6ROlBlTfsfTliJ0tB_X9nFTpw818LRiXY_hTg9rQR0wlkv0LJYlV6aeyIPe7dyVEsI9v9gd3p60PXDOnNGXkMNdlLD8hPvyVlvhzgOaNsDWUAsYx2ZEqZQbB_MY6DMmJ3D4SY1kYlfieUSMsvcxAH70WISeo7qVzYpfS3lifAmeAHhJ5adaf0x4qZNwjMZD6kAWpCCWxXEwrjSjkyqWqC5dcVOtpNl1wP0cKmekUvRSG12X4hRRPW2pQT0U25Kk7Ysl9w086Kg2T4Wd1O791EbtcXmGM_TDkrkL5AzGJQjo0T3LH7_81PoPMA72VyZecQKRZa48g5CAKQ84m7SFylqodpz6FFBfFSVEWI-nM13BQScvfeIjnyBuKnv7vr_-M-zBwO3NcAwvkPzJBjrQqabC-KdbXNooAOat4POYWB9pyWB5uVTnknhhv2fxbZO2vFj53TxAuJ3bezuzzhlVgIFii4JaN-fzDoCAxQNF039c-BYbZavvrrvJMS6NJW1ewsHdCMwJ3Epel8XIf7I4ZimtWvpCQxrS2CGQwT1szbsa2pKuiK9x71zHbZumT4GGygDup0p7WNaCWCbcSyI_yKQuU-fdHBFpsdHV86Fj5rET_REk96VPZrGNlmC3kSIyftsP4xTutQl3GGvexhZWRnhdvLmKCtZQ-LsJDHqHEGuZ0oEa9Y0W1UQX5K2zeM9JQPzfKWoYEKLd98-uxdbfz1BAMQerPLmAZnUFUS8A2AVn6ytKttdzohvwR2XmmDht7S1PXfGrPGe9X9NLQtpC71PL0xfSvX3RuAjvXzMmNf2fZBukTflAcdkA_CzyAE7wVtH9GkLJF7Hs8NxJvUxMZhqVnomYlzJeM40NDiDrk90f4YhSLgUELAJBOvBqLYCkfJ31FC0QP9G2RXTzVpIkWPWdiZc5ePNmwdC4LUh7_stXAGHl23JWSv6nG6HDl-gBhRBiJDRa5moHfjcULNd6iInEBGkxY9'
Request Data: Array
(
    [secret] => 6Le2vqMrAAAAANI62Vk4UllWsoeUahl1RVNSLs-m
    [response] => 0cAFcWeA6BVGKKTS8fn2iJ0hDpaFx4o-0aABuIaR3p6qqbGEcEhdFFG8aT1xUNB3M8MAmkaBmL6XX6YmXTTDu7n6O-10PPv4jmz2n1OMlokAHgJa5qn3m7tODqj_YEybnOVzbaB3dQoJ7qPI98pKz76TbBX0KHyVQJYPuJN_3sV8r8Z8_T_lR45Sqcz94l54-U6cAOBC1jxXjTLlHer2Shvpdaxl25bN-lYoN-2rSmxbpI5U7lLBoQjst_Hn69E8xhY5FmAbyLjI5ecy9JnkF-WJmVZzniYLBKP8clQjoT2xogFKrfLAxFK7qF8W_YcRNcWGkxi4fpiGytC0xLKHqQZ1b9Aq9N1VjHA0v78lqc1QOFwc3WrUpuJtALsiGx9o7F14tBIKwFgcaquVbTj0-Hc2tRk00ulxhN5P4K9D1j6Yqjnb_w-CByksBZKKUPbNUtc0qsl_rEKH44IAKdj11up4lsbiOmtg9XXiuw9F_P7VqQCvxvhrFZ4OdnT6SopyatsNLfrDCEGwOUDOW8nbXc8X-5QJ5ONcuufF7-FuJFIQ0UMvqO7LYLXf7rYTP4h0yb14YMnagMya_dMaSm2Ix9fNbwEb1--vjQpTN6-4KOQz0dunX6ROlBlTfsfTliJ0tB_X9nFTpw818LRiXY_hTg9rQR0wlkv0LJYlV6aeyIPe7dyVEsI9v9gd3p60PXDOnNGXkMNdlLD8hPvyVlvhzgOaNsDWUAsYx2ZEqZQbB_MY6DMmJ3D4SY1kYlfieUSMsvcxAH70WISeo7qVzYpfS3lifAmeAHhJ5adaf0x4qZNwjMZD6kAWpCCWxXEwrjSjkyqWqC5dcVOtpNl1wP0cKmekUvRSG12X4hRRPW2pQT0U25Kk7Ysl9w086Kg2T4Wd1O791EbtcXmGM_TDkrkL5AzGJQjo0T3LH7_81PoPMA72VyZecQKRZa48g5CAKQ84m7SFylqodpz6FFBfFSVEWI-nM13BQScvfeIjnyBuKnv7vr_-M-zBwO3NcAwvkPzJBjrQqabC-KdbXNooAOat4POYWB9pyWB5uVTnknhhv2fxbZO2vFj53TxAuJ3bezuzzhlVgIFii4JaN-fzDoCAxQNF039c-BYbZavvrrvJMS6NJW1ewsHdCMwJ3Epel8XIf7I4ZimtWvpCQxrS2CGQwT1szbsa2pKuiK9x71zHbZumT4GGygDup0p7WNaCWCbcSyI_yKQuU-fdHBFpsdHV86Fj5rET_REk96VPZrGNlmC3kSIyftsP4xTutQl3GGvexhZWRnhdvLmKCtZQ-LsJDHqHEGuZ0oEa9Y0W1UQX5K2zeM9JQPzfKWoYEKLd98-uxdbfz1BAMQerPLmAZnUFUS8A2AVn6ytKttdzohvwR2XmmDht7S1PXfGrPGe9X9NLQtpC71PL0xfSvX3RuAjvXzMmNf2fZBukTflAcdkA_CzyAE7wVtH9GkLJF7Hs8NxJvUxMZhqVnomYlzJeM40NDiDrk90f4YhSLgUELAJBOvBqLYCkfJ31FC0QP9G2RXTzVpIkWPWdiZc5ePNmwdC4LUh7_stXAGHl23JWSv6nG6HDl-gBhRBiJDRa5moHfjcULNd6iInEBGkxY9
    [remoteip] => ::1
)

Raw response: '{
  "success": true,
  "challenge_ts": "2025-08-15T07:59:48Z",
  "hostname": "localhost"
}'
Decoded response: Array
(
    [success] => 1
    [challenge_ts] => 2025-08-15T07:59:48Z
    [hostname] => localhost
)

Command: "C:\Users\Cj\AppData\Local\Programs\Python\Python313\python.exe" "C:\Users\Cj\Documents\AskCMU CAPSTONE\backend\pseudo_ai.py" "hi" "Chris John" 2>&1
Query: hi
UserName: Chris John
Output: Hi there! What would you like to know about CMU? Is there something specific you want to ask about?
Command: "C:\Users\Cj\AppData\Local\Programs\Python\Python313\python.exe" "C:\Users\Cj\Documents\AskCMU CAPSTONE\backend\pseudo_ai.py" "tuition" "Chris John" 2>&1
Query: tuition
UserName: Chris John
Output: Tuition information is available from the finance office. Would you like to know how to pay your tuition?
Command: "C:\Users\Cj\AppData\Local\Programs\Python\Python313\python.exe" "C:\Users\Cj\Documents\AskCMU CAPSTONE\backend\pseudo_ai.py" "hahaha" "Chris John" 2>&1
Query: hahaha
UserName: Chris John
Output: I'm not sure about that yet. You can ask about enrollment, requirements, schedule, or tuition. What would you like to know?

=== CAPTCHA Verification Start (2025-08-15 08:19:09) ===
Received token: '0cAFcWeA5ULfUgj6cMKUJK4t06-Qy3Rtip_giy2JMgnVw1R4p5WnDMbUx2PFDI7tHAQMXt0NlwwvGiv9qWAjLQdhdbDafEISng293eX_hygQNy6Mt7zOCqWbGW4TiDRM_HPV5AmjzZARpEa4_ZQLlZ4gFgx46EYVnLyh-hoUFsRj2FBGYknOqvIEsY8q3afzl4-KA05ETdaUgvPR3jOWm2k__c9HJmy8sh1Pn9nxfv1VBOi4RtXuQncvz3GxJeveAidegUUR1TYJHy3G0ho_dfdAtCXCO8-AnPVVQwFTnRPfXtslMkO8NY1ue6ckjVT3PoNeX6JDQoqVrdJpLVMazXVR_Ge4mo0-3S0XEqk3pgLo5Lf_BgZ8BgiOYtrYS7vLExIAikM6SWs7DiQ16ib56UqtGLNL8jLl6suqz99abTdp5TKJIfze5qkLXjdpJ0zK-w_uu2SpTO149ELNTwMqDifnuHMJQ5zWH8Y1eK9oVgPLl0sp-ARVV6-XO5JEfiO6Zr1Y5-tFXAEjPoIEHW2PS4aIzNnusncahXLgH33ifU1KgbybIb1TZT3YeqXOUw2yufjJhtc36xTjmZq-w8UYz_m3rEZdwNUCR83NDWHur3MJXmO-s-gabHalGESB5B0j8QeU3sn4rFm5lqSHaC9pE_j4DcD0nHGwBxcOnDhowDoaPObqbX3wOfZIgnzwS-nbr-vW9M3IKTmptCIuh7BjGyD9_FVsFQy-c4cZXGz1QiJGMxsNAKp0qsOMsp5Mw5AU9XhIkVAsn4xPPuNzUR5tCjpwO7YqUpivH0b96TPnscW549ywDedIwS5bjAKbJfb4E1wjZD6H0XIVR_4FX2lSII5DcH2Cdzfb7IPY6Gep23B6uhcf4vVlQXK8L0A-NRhFxRaLS-3wJDwwqkwnIHayWmqqoztF1nxBrJd3gfhgiUyJzNGHPKn9tsegnrTsgnPfOVpoNyxBaW52By0L33KyqWbE7HNKZvxvmcK0DJ_czW0n5AcKFUw-iKwbcSmO3tkE51zblgF_ImehmjH2nmfm7Jbg6joau2xTRMS4cQG123uWGNXGAXxFCk5kxPKg-dvzg36m7ieb0dwYrz6ofF-lPsqj8DIsbuqm_cObJesyLBC6kbDxnhlas_Vj20Ag4BkFMfnZuN5uesxqpynFgJ3iZKFk2b59W6JJY8CmMA4Z_cpDbnKhmuxUachoofyraKFaQGewC-C1yLGIibqy6bt3vg9slm432-eLMcTOsjYPXQZYQyLAFn8zDND9Zj0j3HX7zI4YCdtjtiZSBQrr0VJVqbk0WIvAIjMr2yfouta_SYAtVhwMuQhvkqmdKiF2zhmfBGnU08XdrWVqJhiMmlmrwiVrq_C87Ko76K1lUQpDDAs66yBlco9HnSE3emkTfkgYwR7meURRWsZh49Fr6Yl5meCRyc07n-zhKbsFd-qVaDPoEal8hY1Xoll85bQnbI6d3hkGArB3VO9lii1sfXsNdoH2xV5MjCDywS9X8bookR5XFUYN6J8Zwgm9U-UT8_orBa02yBqfY10WdaeB7VEEKmZg_jvn5EgRSz_4jEjevQW4SzldZmbICc1W0'
Request Data: Array
(
    [secret] => 6Le2vqMrAAAAANI62Vk4UllWsoeUahl1RVNSLs-m
    [response] => 0cAFcWeA5ULfUgj6cMKUJK4t06-Qy3Rtip_giy2JMgnVw1R4p5WnDMbUx2PFDI7tHAQMXt0NlwwvGiv9qWAjLQdhdbDafEISng293eX_hygQNy6Mt7zOCqWbGW4TiDRM_HPV5AmjzZARpEa4_ZQLlZ4gFgx46EYVnLyh-hoUFsRj2FBGYknOqvIEsY8q3afzl4-KA05ETdaUgvPR3jOWm2k__c9HJmy8sh1Pn9nxfv1VBOi4RtXuQncvz3GxJeveAidegUUR1TYJHy3G0ho_dfdAtCXCO8-AnPVVQwFTnRPfXtslMkO8NY1ue6ckjVT3PoNeX6JDQoqVrdJpLVMazXVR_Ge4mo0-3S0XEqk3pgLo5Lf_BgZ8BgiOYtrYS7vLExIAikM6SWs7DiQ16ib56UqtGLNL8jLl6suqz99abTdp5TKJIfze5qkLXjdpJ0zK-w_uu2SpTO149ELNTwMqDifnuHMJQ5zWH8Y1eK9oVgPLl0sp-ARVV6-XO5JEfiO6Zr1Y5-tFXAEjPoIEHW2PS4aIzNnusncahXLgH33ifU1KgbybIb1TZT3YeqXOUw2yufjJhtc36xTjmZq-w8UYz_m3rEZdwNUCR83NDWHur3MJXmO-s-gabHalGESB5B0j8QeU3sn4rFm5lqSHaC9pE_j4DcD0nHGwBxcOnDhowDoaPObqbX3wOfZIgnzwS-nbr-vW9M3IKTmptCIuh7BjGyD9_FVsFQy-c4cZXGz1QiJGMxsNAKp0qsOMsp5Mw5AU9XhIkVAsn4xPPuNzUR5tCjpwO7YqUpivH0b96TPnscW549ywDedIwS5bjAKbJfb4E1wjZD6H0XIVR_4FX2lSII5DcH2Cdzfb7IPY6Gep23B6uhcf4vVlQXK8L0A-NRhFxRaLS-3wJDwwqkwnIHayWmqqoztF1nxBrJd3gfhgiUyJzNGHPKn9tsegnrTsgnPfOVpoNyxBaW52By0L33KyqWbE7HNKZvxvmcK0DJ_czW0n5AcKFUw-iKwbcSmO3tkE51zblgF_ImehmjH2nmfm7Jbg6joau2xTRMS4cQG123uWGNXGAXxFCk5kxPKg-dvzg36m7ieb0dwYrz6ofF-lPsqj8DIsbuqm_cObJesyLBC6kbDxnhlas_Vj20Ag4BkFMfnZuN5uesxqpynFgJ3iZKFk2b59W6JJY8CmMA4Z_cpDbnKhmuxUachoofyraKFaQGewC-C1yLGIibqy6bt3vg9slm432-eLMcTOsjYPXQZYQyLAFn8zDND9Zj0j3HX7zI4YCdtjtiZSBQrr0VJVqbk0WIvAIjMr2yfouta_SYAtVhwMuQhvkqmdKiF2zhmfBGnU08XdrWVqJhiMmlmrwiVrq_C87Ko76K1lUQpDDAs66yBlco9HnSE3emkTfkgYwR7meURRWsZh49Fr6Yl5meCRyc07n-zhKbsFd-qVaDPoEal8hY1Xoll85bQnbI6d3hkGArB3VO9lii1sfXsNdoH2xV5MjCDywS9X8bookR5XFUYN6J8Zwgm9U-UT8_orBa02yBqfY10WdaeB7VEEKmZg_jvn5EgRSz_4jEjevQW4SzldZmbICc1W0
    [remoteip] => ::1
)

Raw response: '{
  "success": true,
  "challenge_ts": "2025-08-15T08:18:59Z",
  "hostname": "localhost"
}'
Decoded response: Array
(
    [success] => 1
    [challenge_ts] => 2025-08-15T08:18:59Z
    [hostname] => localhost
)

Command: "C:\Users\Cj\AppData\Local\Programs\Python\Python313\python.exe" "C:\Users\Cj\Documents\AskCMU CAPSTONE\backend\pseudo_ai.py" "hi" "Chris John" 2>&1
Query: hi
UserName: Chris John
Output: Hi there! What would you like to know about CMU? Is there something specific you want to ask about?

=== CAPTCHA Verification Start (2025-08-15 08:24:07) ===
Received token: '0cAFcWeA68oMq2gw86mBc40ap2zF-nlFhWLYVFYdqFKXXZ3LwrnmbhC9is59z_yzBQ6scg7oSdaJTn8nCSxIryDqTlytJppcX8yfnjZitPLUXmCE0nyO36J4K2Zy_ZkPvPgBYni8PzjgPZPHCelB7ExL5Id7T5yu0GBtyPLJBaqkS2XdLK6vx9q-k2j5c3xm7OV4j2xKXLoRygmHe1BuHRM_4DWI2Hy7RkgkNpSabexRaMh_Xa8oOve4ta8fYNuAX77eBQHchHnkCEXDvmv2qNf1I9VqRZIarGPMlsn6Cp69ugJZ6OUU1MZs5SNLxvOkGFV4g84emWES-fYDrAKnEPJxF2xR-rnnEe9QWe0UTUvoIElKWjwOoQKhWJbyuOzGuU93NyXsQRrWVRJuWAbL3yBFk_O1kt3uYl4FtGg9D0_Q5KbOUv7q8qhIpFvxFH1zSldBPEXy4cpYcsSd95QP3GxdiEn36mV3r3mddt9uAjWmK_vv_nBWdXpCGlQo0QnssDlVNMxMRpPIRJOjIUqZ-Yr99sJB3vBIz_xoK-JMqNsR5WYdyhiZ-pKIFzMGAGGYIE5h8ymqPyyQRwiU_HKnOZc8_VfqCiKeNsXkNK3LxW2mhtXc5krQcemodXs775aPcrZD1w-n9IItTQkk4DTrf8L-dmtCWdsoIrTJnQTleM4iTOq8m6l4Nw3TucqCswfY5Ydj-4V9vQ26L1aohlztfYQrLl4qJbuqM-8BWBaAWymUMAnnNxcVYRY_8d-4R9jLl-TC31dO2mkx2HLKPNrj-VJ5qr_dEQOP9DcEfRKOxwnjt1WgTD2jcXNvlnlgit73vlfXRp4gKfH2WfA28trw5LIhoREDpcQvIeaRVT86GsgI3_WQLaVAOtcL3-fntrL4pVYafUSANXiBr1A1NMvBRklcJJ9eNZjthQnzERnQmg_MhnrEV6dRrt1xTckiJIbMcPPxN8tm74k7axrBIaQLC9AKnA9goT4TkbZ6jVJVvzHf0Fik34l1w8AfSca68m2K5kbyKe6GKXZHT4cLBjx8Z97A0gJmj7sgdfnVe4iZGZ60W0R41EtznofpQxlepuhqZX2KdtTyxqExq9Px-m8wFWGg9ZztUrbHv9oOB1zKw5Hg3jPvLYEE_s-uDdYQDfmiHduj7NPHwk_EeHy0Y1l8C_cG3rx6zjXgkJL2uZnwnClDOFv3wSsdex1NZSmgWkxv5OgropJ6_YTY95ppKNUiuxaBiL1szda-g065xAuJ5IwOLMg0ljeo8UZ4RAivHep3XfK8zWoXiVT5EoHfBIvxwp9Vsp3OIHKOO3zOrgXtc5xdGQ91BcoeSiYj3MuZFoPlSVMrBAXmIM8rzqYlZhyfaGzKRUp_iErSdyxGBLGzqK_zSy1sDN5GZ7Pl0yHCSTu6USRK3UCdroV121Bag-rfKcLr4QQDKTqG0B8Ax35yZuhjW6Ne5phu0nOxZmGyw2X1t1SmwNxJjP93pF6KER8JCIxfYpgamGor2KXrCRsBM891BII07HSAx4AOqcM3sW-APUXl6vi6W_6H5pF56-ARsm35XzQIZqLJnEPg'
Request Data: Array
(
    [secret] => 6Le2vqMrAAAAANI62Vk4UllWsoeUahl1RVNSLs-m
    [response] => 0cAFcWeA68oMq2gw86mBc40ap2zF-nlFhWLYVFYdqFKXXZ3LwrnmbhC9is59z_yzBQ6scg7oSdaJTn8nCSxIryDqTlytJppcX8yfnjZitPLUXmCE0nyO36J4K2Zy_ZkPvPgBYni8PzjgPZPHCelB7ExL5Id7T5yu0GBtyPLJBaqkS2XdLK6vx9q-k2j5c3xm7OV4j2xKXLoRygmHe1BuHRM_4DWI2Hy7RkgkNpSabexRaMh_Xa8oOve4ta8fYNuAX77eBQHchHnkCEXDvmv2qNf1I9VqRZIarGPMlsn6Cp69ugJZ6OUU1MZs5SNLxvOkGFV4g84emWES-fYDrAKnEPJxF2xR-rnnEe9QWe0UTUvoIElKWjwOoQKhWJbyuOzGuU93NyXsQRrWVRJuWAbL3yBFk_O1kt3uYl4FtGg9D0_Q5KbOUv7q8qhIpFvxFH1zSldBPEXy4cpYcsSd95QP3GxdiEn36mV3r3mddt9uAjWmK_vv_nBWdXpCGlQo0QnssDlVNMxMRpPIRJOjIUqZ-Yr99sJB3vBIz_xoK-JMqNsR5WYdyhiZ-pKIFzMGAGGYIE5h8ymqPyyQRwiU_HKnOZc8_VfqCiKeNsXkNK3LxW2mhtXc5krQcemodXs775aPcrZD1w-n9IItTQkk4DTrf8L-dmtCWdsoIrTJnQTleM4iTOq8m6l4Nw3TucqCswfY5Ydj-4V9vQ26L1aohlztfYQrLl4qJbuqM-8BWBaAWymUMAnnNxcVYRY_8d-4R9jLl-TC31dO2mkx2HLKPNrj-VJ5qr_dEQOP9DcEfRKOxwnjt1WgTD2jcXNvlnlgit73vlfXRp4gKfH2WfA28trw5LIhoREDpcQvIeaRVT86GsgI3_WQLaVAOtcL3-fntrL4pVYafUSANXiBr1A1NMvBRklcJJ9eNZjthQnzERnQmg_MhnrEV6dRrt1xTckiJIbMcPPxN8tm74k7axrBIaQLC9AKnA9goT4TkbZ6jVJVvzHf0Fik34l1w8AfSca68m2K5kbyKe6GKXZHT4cLBjx8Z97A0gJmj7sgdfnVe4iZGZ60W0R41EtznofpQxlepuhqZX2KdtTyxqExq9Px-m8wFWGg9ZztUrbHv9oOB1zKw5Hg3jPvLYEE_s-uDdYQDfmiHduj7NPHwk_EeHy0Y1l8C_cG3rx6zjXgkJL2uZnwnClDOFv3wSsdex1NZSmgWkxv5OgropJ6_YTY95ppKNUiuxaBiL1szda-g065xAuJ5IwOLMg0ljeo8UZ4RAivHep3XfK8zWoXiVT5EoHfBIvxwp9Vsp3OIHKOO3zOrgXtc5xdGQ91BcoeSiYj3MuZFoPlSVMrBAXmIM8rzqYlZhyfaGzKRUp_iErSdyxGBLGzqK_zSy1sDN5GZ7Pl0yHCSTu6USRK3UCdroV121Bag-rfKcLr4QQDKTqG0B8Ax35yZuhjW6Ne5phu0nOxZmGyw2X1t1SmwNxJjP93pF6KER8JCIxfYpgamGor2KXrCRsBM891BII07HSAx4AOqcM3sW-APUXl6vi6W_6H5pF56-ARsm35XzQIZqLJnEPg
    [remoteip] => ::1
)

Raw response: '{
  "success": true,
  "challenge_ts": "2025-08-15T08:24:01Z",
  "hostname": "localhost"
}'
Decoded response: Array
(
    [success] => 1
    [challenge_ts] => 2025-08-15T08:24:01Z
    [hostname] => localhost
)

Command: "C:\Users\Cj\AppData\Local\Programs\Python\Python313\python.exe" "C:\Users\Cj\Documents\AskCMU CAPSTONE\backend\pseudo_ai.py" "faga" "Chris John" 2>&1
Query: faga
UserName: Chris John
Output: I'm not sure about that yet. You can ask about enrollment, requirements, schedule, or tuition. What would you like to know?
Command: "C:\Users\Cj\AppData\Local\Programs\Python\Python313\python.exe" "C:\Users\Cj\Documents\AskCMU CAPSTONE\backend\pseudo_ai.py" "haha" "Chris John" 2>&1
Query: haha
UserName: Chris John
Output: I'm not sure about that yet. You can ask about enrollment, requirements, schedule, or tuition. What would you like to know?

=== CAPTCHA Verification Start (2025-08-15 08:37:28) ===
Received token: '03AFcWeA4Iw-bP3Ez9EWHiFE7XFH36sfV31HYaw6G0l0061Jvwu-cxqmGB4YpMJGx4sXEteT0UpT5LKdaYx_hTr55MZ0U0eUo1bzDegPrneQ2J3-Zw8J_rO-Df1fLCUjZPB31QiXqgT1qIODfc4q8-4DUr9bUUdFRdHelzB3h_K-LUpbxb-PIxTxIR929uRFhJ4WZ0Djxovba6-gZrVLMGKz_LTrnKbVffzmbHTcn2CAais9iBTQXuUMmKuxMxzSLmwakJRwkw8J-6mJbRac5C68us9i-RKpS-kHYg5wB-BA-iuF9BTm7XFTA8XFXbaU92AKFG7tJMXoG9oe745SaVU65rfGr6f8Rnw4oh0-AK2OBPkGK9Cu7alniRwKdW96dxoE1awNzobSP1j0il3pvVJLCIeGxPxsmf04Q85ibaRYA1m6zwV1MuvO1cJGPSHSb4k_jyHhVRnoD5Uz1Hpw3MSeGuWVVY6ujtBTF9FDZG3R2uL2wIEbS5RpOM_55ue4eG9sgnNXQQdp6kafJ3kKK8otWpGKana3BILErNXU8pFeBiGXUVhzvv2Hb3pGumhRPvdkRQ9-9UXSuNpp1kyv36Rm39b0_UbUiat7Eell2u9gc-3VG5cBoglHZwwOLL1w2W_StE-frM-rjO9AnJ390Q-hSjAF97qKLQp6hZFeIpleRpPYCGlPNsa8lPv4i4EvglfI-fLgmwsuCF48QUGpBQGRXhDSXFyo7EHe5OwTryXqcpFPYvsFjnWenVDpzNLsAmn-qH0C_bc_MhfIQ99VwIAkf1j9W_IIqDHcSiiKz9Tsqaan1X6aPRUvGv3tGem4kUIa8uud8CCv1qxng7AQPh21XqRdr4a-8kkjCjf9iZFSON2kMMBRi2eK7D6u4F6zCD3lDInLPBmN2orBzKy6opzlsleJ8jMi_Im7ewp69FadzBwSoUpRzLSRgJGpvqgXUe9QjasAHejV1c8WfulOApLd7OjKd9cO3BsQykocnMHovEAwjYA5gzz1oHz_DM6y2YGLB90LN74p0BeABxH82__29GqCL0-4RZLM7Ya_hZVqfe5uQ3_1DGqomfD263u82ykKIGBxsNiF9jzHkl0AxjqzNm_-jLSHpE0apknDxJG4hoJx-8jG19AqTC-I7VIfTL3Rhxv7VSoahSQG3OgFey_6y8_ygPcW2dNdmSO4Piytw5kG1VX7oMXzWm4sCQW0KOQ__2HPlNDwjcRhC7Z03mPyrp__dzQMqvjqfjY1HZqpqBsMnaH2UfjlKBKvyyLu2tVMdE0DddeFVwAbDfR3WDes-j5zbxkfs88gZ85G1rXmcGg5_gua3s-bI7EWoAxqjMXpw5Fa-XltlvnmyDu1SvA1LLH_5bqA-hlbOSgzOw8wvDluA0Kt92ilc_F1-ksI_X4lLfucFE3lZl0eDZ5v8yXPA1Tl7yIFH0H9xruDWAP8XEXlePgghk80JaSnWBhJcAyz1KGoXiK_hTqG8llu-v801XAwkx1hOcTQgAJ8VWX3-Eo77rHnDx3B69h4QwzHmsVadGEa-Izu06ia_BefedCWYMJvNXy0eGjF2b0l_dJm7SRGKugT02BXaAxhVxHxDbPuTaVWBAjnX7426LVjqDdT76nPDnjUn3NjvI34CN4KplAZI1PeSrybBisM1NGFcZjBwXf8guZsvrgIusywuTbkbweMvSaqcCZMTHqcONsZuUQvqleRfJrs9tovH178PmScktrvcYd52VJA54v9sxg9TdDDCijO9UpsJhZ8kmse6eNtMeKuaeAMY-pCS9T4c6bK3XrFj5qJuxFQpsxpYZd-9tfj1SaOIUiXl9P4j0cTNSVK9vWyajnM49_y-1C2hZJ7y0n6Hh_wF5hdWbw2jHXbHPc4VExIm5DdyBUcZGT6oBmzud7jlGemmmAXBSFV0f50T8bPxPsQ-Tqm1ehcl1gtvuYhLm8uA8uhlFI2gOs_BtiaEOQE1pgn_IeRVT1HEeuhTSZvkDkt0KzTaeXVpCN_SWz6DidbQO2BaXTVk-SucY0_cQEdVU4tbmqSuaxFpLjV75n7T3b1Uf9DflDqi4te7Eo3W80WI2yL4uDHBPBtz_SV_WhsWiIHA'
Request Data: Array
(
    [secret] => 6Le2vqMrAAAAANI62Vk4UllWsoeUahl1RVNSLs-m
    [response] => 03AFcWeA4Iw-bP3Ez9EWHiFE7XFH36sfV31HYaw6G0l0061Jvwu-cxqmGB4YpMJGx4sXEteT0UpT5LKdaYx_hTr55MZ0U0eUo1bzDegPrneQ2J3-Zw8J_rO-Df1fLCUjZPB31QiXqgT1qIODfc4q8-4DUr9bUUdFRdHelzB3h_K-LUpbxb-PIxTxIR929uRFhJ4WZ0Djxovba6-gZrVLMGKz_LTrnKbVffzmbHTcn2CAais9iBTQXuUMmKuxMxzSLmwakJRwkw8J-6mJbRac5C68us9i-RKpS-kHYg5wB-BA-iuF9BTm7XFTA8XFXbaU92AKFG7tJMXoG9oe745SaVU65rfGr6f8Rnw4oh0-AK2OBPkGK9Cu7alniRwKdW96dxoE1awNzobSP1j0il3pvVJLCIeGxPxsmf04Q85ibaRYA1m6zwV1MuvO1cJGPSHSb4k_jyHhVRnoD5Uz1Hpw3MSeGuWVVY6ujtBTF9FDZG3R2uL2wIEbS5RpOM_55ue4eG9sgnNXQQdp6kafJ3kKK8otWpGKana3BILErNXU8pFeBiGXUVhzvv2Hb3pGumhRPvdkRQ9-9UXSuNpp1kyv36Rm39b0_UbUiat7Eell2u9gc-3VG5cBoglHZwwOLL1w2W_StE-frM-rjO9AnJ390Q-hSjAF97qKLQp6hZFeIpleRpPYCGlPNsa8lPv4i4EvglfI-fLgmwsuCF48QUGpBQGRXhDSXFyo7EHe5OwTryXqcpFPYvsFjnWenVDpzNLsAmn-qH0C_bc_MhfIQ99VwIAkf1j9W_IIqDHcSiiKz9Tsqaan1X6aPRUvGv3tGem4kUIa8uud8CCv1qxng7AQPh21XqRdr4a-8kkjCjf9iZFSON2kMMBRi2eK7D6u4F6zCD3lDInLPBmN2orBzKy6opzlsleJ8jMi_Im7ewp69FadzBwSoUpRzLSRgJGpvqgXUe9QjasAHejV1c8WfulOApLd7OjKd9cO3BsQykocnMHovEAwjYA5gzz1oHz_DM6y2YGLB90LN74p0BeABxH82__29GqCL0-4RZLM7Ya_hZVqfe5uQ3_1DGqomfD263u82ykKIGBxsNiF9jzHkl0AxjqzNm_-jLSHpE0apknDxJG4hoJx-8jG19AqTC-I7VIfTL3Rhxv7VSoahSQG3OgFey_6y8_ygPcW2dNdmSO4Piytw5kG1VX7oMXzWm4sCQW0KOQ__2HPlNDwjcRhC7Z03mPyrp__dzQMqvjqfjY1HZqpqBsMnaH2UfjlKBKvyyLu2tVMdE0DddeFVwAbDfR3WDes-j5zbxkfs88gZ85G1rXmcGg5_gua3s-bI7EWoAxqjMXpw5Fa-XltlvnmyDu1SvA1LLH_5bqA-hlbOSgzOw8wvDluA0Kt92ilc_F1-ksI_X4lLfucFE3lZl0eDZ5v8yXPA1Tl7yIFH0H9xruDWAP8XEXlePgghk80JaSnWBhJcAyz1KGoXiK_hTqG8llu-v801XAwkx1hOcTQgAJ8VWX3-Eo77rHnDx3B69h4QwzHmsVadGEa-Izu06ia_BefedCWYMJvNXy0eGjF2b0l_dJm7SRGKugT02BXaAxhVxHxDbPuTaVWBAjnX7426LVjqDdT76nPDnjUn3NjvI34CN4KplAZI1PeSrybBisM1NGFcZjBwXf8guZsvrgIusywuTbkbweMvSaqcCZMTHqcONsZuUQvqleRfJrs9tovH178PmScktrvcYd52VJA54v9sxg9TdDDCijO9UpsJhZ8kmse6eNtMeKuaeAMY-pCS9T4c6bK3XrFj5qJuxFQpsxpYZd-9tfj1SaOIUiXl9P4j0cTNSVK9vWyajnM49_y-1C2hZJ7y0n6Hh_wF5hdWbw2jHXbHPc4VExIm5DdyBUcZGT6oBmzud7jlGemmmAXBSFV0f50T8bPxPsQ-Tqm1ehcl1gtvuYhLm8uA8uhlFI2gOs_BtiaEOQE1pgn_IeRVT1HEeuhTSZvkDkt0KzTaeXVpCN_SWz6DidbQO2BaXTVk-SucY0_cQEdVU4tbmqSuaxFpLjV75n7T3b1Uf9DflDqi4te7Eo3W80WI2yL4uDHBPBtz_SV_WhsWiIHA
    [remoteip] => ::1
)

Raw response: '{
  "success": true,
  "challenge_ts": "2025-08-15T08:37:19Z",
  "hostname": "localhost"
}'
Decoded response: Array
(
    [success] => 1
    [challenge_ts] => 2025-08-15T08:37:19Z
    [hostname] => localhost
)


=== CAPTCHA Verification Start (2025-08-15 08:37:30) ===
Received token: '03AFcWeA4Iw-bP3Ez9EWHiFE7XFH36sfV31HYaw6G0l0061Jvwu-cxqmGB4YpMJGx4sXEteT0UpT5LKdaYx_hTr55MZ0U0eUo1bzDegPrneQ2J3-Zw8J_rO-Df1fLCUjZPB31QiXqgT1qIODfc4q8-4DUr9bUUdFRdHelzB3h_K-LUpbxb-PIxTxIR929uRFhJ4WZ0Djxovba6-gZrVLMGKz_LTrnKbVffzmbHTcn2CAais9iBTQXuUMmKuxMxzSLmwakJRwkw8J-6mJbRac5C68us9i-RKpS-kHYg5wB-BA-iuF9BTm7XFTA8XFXbaU92AKFG7tJMXoG9oe745SaVU65rfGr6f8Rnw4oh0-AK2OBPkGK9Cu7alniRwKdW96dxoE1awNzobSP1j0il3pvVJLCIeGxPxsmf04Q85ibaRYA1m6zwV1MuvO1cJGPSHSb4k_jyHhVRnoD5Uz1Hpw3MSeGuWVVY6ujtBTF9FDZG3R2uL2wIEbS5RpOM_55ue4eG9sgnNXQQdp6kafJ3kKK8otWpGKana3BILErNXU8pFeBiGXUVhzvv2Hb3pGumhRPvdkRQ9-9UXSuNpp1kyv36Rm39b0_UbUiat7Eell2u9gc-3VG5cBoglHZwwOLL1w2W_StE-frM-rjO9AnJ390Q-hSjAF97qKLQp6hZFeIpleRpPYCGlPNsa8lPv4i4EvglfI-fLgmwsuCF48QUGpBQGRXhDSXFyo7EHe5OwTryXqcpFPYvsFjnWenVDpzNLsAmn-qH0C_bc_MhfIQ99VwIAkf1j9W_IIqDHcSiiKz9Tsqaan1X6aPRUvGv3tGem4kUIa8uud8CCv1qxng7AQPh21XqRdr4a-8kkjCjf9iZFSON2kMMBRi2eK7D6u4F6zCD3lDInLPBmN2orBzKy6opzlsleJ8jMi_Im7ewp69FadzBwSoUpRzLSRgJGpvqgXUe9QjasAHejV1c8WfulOApLd7OjKd9cO3BsQykocnMHovEAwjYA5gzz1oHz_DM6y2YGLB90LN74p0BeABxH82__29GqCL0-4RZLM7Ya_hZVqfe5uQ3_1DGqomfD263u82ykKIGBxsNiF9jzHkl0AxjqzNm_-jLSHpE0apknDxJG4hoJx-8jG19AqTC-I7VIfTL3Rhxv7VSoahSQG3OgFey_6y8_ygPcW2dNdmSO4Piytw5kG1VX7oMXzWm4sCQW0KOQ__2HPlNDwjcRhC7Z03mPyrp__dzQMqvjqfjY1HZqpqBsMnaH2UfjlKBKvyyLu2tVMdE0DddeFVwAbDfR3WDes-j5zbxkfs88gZ85G1rXmcGg5_gua3s-bI7EWoAxqjMXpw5Fa-XltlvnmyDu1SvA1LLH_5bqA-hlbOSgzOw8wvDluA0Kt92ilc_F1-ksI_X4lLfucFE3lZl0eDZ5v8yXPA1Tl7yIFH0H9xruDWAP8XEXlePgghk80JaSnWBhJcAyz1KGoXiK_hTqG8llu-v801XAwkx1hOcTQgAJ8VWX3-Eo77rHnDx3B69h4QwzHmsVadGEa-Izu06ia_BefedCWYMJvNXy0eGjF2b0l_dJm7SRGKugT02BXaAxhVxHxDbPuTaVWBAjnX7426LVjqDdT76nPDnjUn3NjvI34CN4KplAZI1PeSrybBisM1NGFcZjBwXf8guZsvrgIusywuTbkbweMvSaqcCZMTHqcONsZuUQvqleRfJrs9tovH178PmScktrvcYd52VJA54v9sxg9TdDDCijO9UpsJhZ8kmse6eNtMeKuaeAMY-pCS9T4c6bK3XrFj5qJuxFQpsxpYZd-9tfj1SaOIUiXl9P4j0cTNSVK9vWyajnM49_y-1C2hZJ7y0n6Hh_wF5hdWbw2jHXbHPc4VExIm5DdyBUcZGT6oBmzud7jlGemmmAXBSFV0f50T8bPxPsQ-Tqm1ehcl1gtvuYhLm8uA8uhlFI2gOs_BtiaEOQE1pgn_IeRVT1HEeuhTSZvkDkt0KzTaeXVpCN_SWz6DidbQO2BaXTVk-SucY0_cQEdVU4tbmqSuaxFpLjV75n7T3b1Uf9DflDqi4te7Eo3W80WI2yL4uDHBPBtz_SV_WhsWiIHA'
Request Data: Array
(
    [secret] => 6Le2vqMrAAAAANI62Vk4UllWsoeUahl1RVNSLs-m
    [response] => 03AFcWeA4Iw-bP3Ez9EWHiFE7XFH36sfV31HYaw6G0l0061Jvwu-cxqmGB4YpMJGx4sXEteT0UpT5LKdaYx_hTr55MZ0U0eUo1bzDegPrneQ2J3-Zw8J_rO-Df1fLCUjZPB31QiXqgT1qIODfc4q8-4DUr9bUUdFRdHelzB3h_K-LUpbxb-PIxTxIR929uRFhJ4WZ0Djxovba6-gZrVLMGKz_LTrnKbVffzmbHTcn2CAais9iBTQXuUMmKuxMxzSLmwakJRwkw8J-6mJbRac5C68us9i-RKpS-kHYg5wB-BA-iuF9BTm7XFTA8XFXbaU92AKFG7tJMXoG9oe745SaVU65rfGr6f8Rnw4oh0-AK2OBPkGK9Cu7alniRwKdW96dxoE1awNzobSP1j0il3pvVJLCIeGxPxsmf04Q85ibaRYA1m6zwV1MuvO1cJGPSHSb4k_jyHhVRnoD5Uz1Hpw3MSeGuWVVY6ujtBTF9FDZG3R2uL2wIEbS5RpOM_55ue4eG9sgnNXQQdp6kafJ3kKK8otWpGKana3BILErNXU8pFeBiGXUVhzvv2Hb3pGumhRPvdkRQ9-9UXSuNpp1kyv36Rm39b0_UbUiat7Eell2u9gc-3VG5cBoglHZwwOLL1w2W_StE-frM-rjO9AnJ390Q-hSjAF97qKLQp6hZFeIpleRpPYCGlPNsa8lPv4i4EvglfI-fLgmwsuCF48QUGpBQGRXhDSXFyo7EHe5OwTryXqcpFPYvsFjnWenVDpzNLsAmn-qH0C_bc_MhfIQ99VwIAkf1j9W_IIqDHcSiiKz9Tsqaan1X6aPRUvGv3tGem4kUIa8uud8CCv1qxng7AQPh21XqRdr4a-8kkjCjf9iZFSON2kMMBRi2eK7D6u4F6zCD3lDInLPBmN2orBzKy6opzlsleJ8jMi_Im7ewp69FadzBwSoUpRzLSRgJGpvqgXUe9QjasAHejV1c8WfulOApLd7OjKd9cO3BsQykocnMHovEAwjYA5gzz1oHz_DM6y2YGLB90LN74p0BeABxH82__29GqCL0-4RZLM7Ya_hZVqfe5uQ3_1DGqomfD263u82ykKIGBxsNiF9jzHkl0AxjqzNm_-jLSHpE0apknDxJG4hoJx-8jG19AqTC-I7VIfTL3Rhxv7VSoahSQG3OgFey_6y8_ygPcW2dNdmSO4Piytw5kG1VX7oMXzWm4sCQW0KOQ__2HPlNDwjcRhC7Z03mPyrp__dzQMqvjqfjY1HZqpqBsMnaH2UfjlKBKvyyLu2tVMdE0DddeFVwAbDfR3WDes-j5zbxkfs88gZ85G1rXmcGg5_gua3s-bI7EWoAxqjMXpw5Fa-XltlvnmyDu1SvA1LLH_5bqA-hlbOSgzOw8wvDluA0Kt92ilc_F1-ksI_X4lLfucFE3lZl0eDZ5v8yXPA1Tl7yIFH0H9xruDWAP8XEXlePgghk80JaSnWBhJcAyz1KGoXiK_hTqG8llu-v801XAwkx1hOcTQgAJ8VWX3-Eo77rHnDx3B69h4QwzHmsVadGEa-Izu06ia_BefedCWYMJvNXy0eGjF2b0l_dJm7SRGKugT02BXaAxhVxHxDbPuTaVWBAjnX7426LVjqDdT76nPDnjUn3NjvI34CN4KplAZI1PeSrybBisM1NGFcZjBwXf8guZsvrgIusywuTbkbweMvSaqcCZMTHqcONsZuUQvqleRfJrs9tovH178PmScktrvcYd52VJA54v9sxg9TdDDCijO9UpsJhZ8kmse6eNtMeKuaeAMY-pCS9T4c6bK3XrFj5qJuxFQpsxpYZd-9tfj1SaOIUiXl9P4j0cTNSVK9vWyajnM49_y-1C2hZJ7y0n6Hh_wF5hdWbw2jHXbHPc4VExIm5DdyBUcZGT6oBmzud7jlGemmmAXBSFV0f50T8bPxPsQ-Tqm1ehcl1gtvuYhLm8uA8uhlFI2gOs_BtiaEOQE1pgn_IeRVT1HEeuhTSZvkDkt0KzTaeXVpCN_SWz6DidbQO2BaXTVk-SucY0_cQEdVU4tbmqSuaxFpLjV75n7T3b1Uf9DflDqi4te7Eo3W80WI2yL4uDHBPBtz_SV_WhsWiIHA
    [remoteip] => ::1
)

Raw response: '{
  "success": false,
  "error-codes": [
    "timeout-or-duplicate"
  ]
}'
Decoded response: Array
(
    [success] => 
    [error-codes] => Array
        (
            [0] => timeout-or-duplicate
        )

)

Command: "C:\Users\Cj\AppData\Local\Programs\Python\Python313\python.exe" "C:\Users\Cj\Documents\AskCMU CAPSTONE\backend\pseudo_ai.py" "gagag" "Chris John" 2>&1
Query: gagag
UserName: Chris John
Output: I'm not sure about that yet. You can ask about enrollment, requirements, schedule, or tuition. What would you like to know?

=== CAPTCHA Verification Start (2025-08-15 08:41:22) ===
Received token: '0cAFcWeA7nbQFXAHq6nOcpwBlFC0AD5f1ps6EBv4Uy4ZIWrpl-qL6VR0pfcLfN1qM7Kj7D1nkhLpyEScGdsiE0kOsy5ydFXiUgniljUlkapVnREkR5G92f8VXG-5nAfT7caZSfvuu6Wobp_39HzellRXxxlsE_UQs6jJ9ZtZSDK3Hut7293JwXO0AfoFRC_yy1jGiQfX0-2vRueqKQOiddBQjZjvSCDVSYpH1srbNXHJ9vKfzK41imcx5kQogOp6IccmMD_EVoCBxsFg1uMSNIzKpShihfQAWM4Ro-ikSw_iU7_GuJPFCaRE8jkXIsG4CGRoCg5pZ0uULvhPf0plpCIjVoxIUxD65EKlxWH8JyB661eslMs6tex7gz44ODaBxIkOaoNOeaORuvgJm3Z44z0B8qkDEg6rdcRuVSPpktkh0z3S245R8JkgKNjVnGKqOc6f1CyDuayjRyyWA9FErR9qKiQXgV4nhdPHykbGZhCj06kBB31qNtS8g9pk6ShvBV6WATl3VMdxbLVXxiVdDE0_0V497d617oWtrVzsCVYzZAfHq3OEUqDWpcuN77HD9YeR6xtRkwofgEe-HymQFQNJApxKDWmgAadrU6PIhJUR1YUQXUqWWugrWVu9nELwHokdDh5VqwIGLgGv5JdW2XihIrzyyJk2gCWM9gWnHj5WlwOqWtplBZVkMFeDxdGN9Gp08Atm7a2jAAzbuQU_0IqGLv38uuM4sJieuMbTitnh-NyyxLUmz0P2HE7Nk8WI7qWQzvRbj9YEKLrBlty1l-B3Eth0JWH9SRIXLyrJyUtW281NUugrXuuAFrk5td_oLQ-EXpKVcLhLlOY80LIq3eds9wP0ZeFgyW_pFyMjkOHBH_fIy8AVkxNklRD0jGEfUsdvPFmXlXoKRy8TSFsFWE7UCnRxzKtwBOiC0pKNEIfnG05ZMgiR3TxudNm2-UJVqqqd4luS-9OxWeRZM-lVG_9zS4oQ3njK8Eu6AjNyUq15yubsXpSSV1vnSPVteRgjXxmzzwmnl6aCd6azYEM6X5Yxp2ScIxSTPE-qzb8Bo9RmYGRpR2u_QGIxc97l4H5_Aj0gIAtUt8T6FoX6VahlpppkWCODQ_uT5Z4h1iwHYKANMMZDDP2YXBVVkzpyFGwi0scMrSSjLRsz4xvP_0lWyaxMIMFyVTZKZRY1lYH8VmjaolrrYaCfAeuiXvXVlIxteeCpRqwYBBByZa5bY4CMnc8PmAPYwqeRAWxlg_MZRZ92761U5qZubWXkWSgsKVrmj4W8eyBPETsaYcyvb8di1JRxltmPRmuxBdmGcI4m_OmPMwmATtzp8BqM2L6lGOCFv2XDBaf_a8hgSYAPlwIubL-WSgsQV4gp389zBWWo5Iu-p0rPGzQwBEsyfwwDRwHsEELUaF6IPfK-psg3s1jmbF7o1d5t4q86rEJyK4m1tAVw4oiTbqX_n-TyB4d69SQR8zlG0E5Ak3hWM1EFpN5uDFM-caZriU5HX92WFT7NAUB113w4ttsBTKgCl6USHmtm0XA4z-EjYomVTY6Rak6I8eOy5VM0_OvCVlrXq_XVy1cq7h62Q8Dx7FCudJxUzK2uPd92QncUiTZsZR'
Request Data: Array
(
    [secret] => 6Le2vqMrAAAAANI62Vk4UllWsoeUahl1RVNSLs-m
    [response] => 0cAFcWeA7nbQFXAHq6nOcpwBlFC0AD5f1ps6EBv4Uy4ZIWrpl-qL6VR0pfcLfN1qM7Kj7D1nkhLpyEScGdsiE0kOsy5ydFXiUgniljUlkapVnREkR5G92f8VXG-5nAfT7caZSfvuu6Wobp_39HzellRXxxlsE_UQs6jJ9ZtZSDK3Hut7293JwXO0AfoFRC_yy1jGiQfX0-2vRueqKQOiddBQjZjvSCDVSYpH1srbNXHJ9vKfzK41imcx5kQogOp6IccmMD_EVoCBxsFg1uMSNIzKpShihfQAWM4Ro-ikSw_iU7_GuJPFCaRE8jkXIsG4CGRoCg5pZ0uULvhPf0plpCIjVoxIUxD65EKlxWH8JyB661eslMs6tex7gz44ODaBxIkOaoNOeaORuvgJm3Z44z0B8qkDEg6rdcRuVSPpktkh0z3S245R8JkgKNjVnGKqOc6f1CyDuayjRyyWA9FErR9qKiQXgV4nhdPHykbGZhCj06kBB31qNtS8g9pk6ShvBV6WATl3VMdxbLVXxiVdDE0_0V497d617oWtrVzsCVYzZAfHq3OEUqDWpcuN77HD9YeR6xtRkwofgEe-HymQFQNJApxKDWmgAadrU6PIhJUR1YUQXUqWWugrWVu9nELwHokdDh5VqwIGLgGv5JdW2XihIrzyyJk2gCWM9gWnHj5WlwOqWtplBZVkMFeDxdGN9Gp08Atm7a2jAAzbuQU_0IqGLv38uuM4sJieuMbTitnh-NyyxLUmz0P2HE7Nk8WI7qWQzvRbj9YEKLrBlty1l-B3Eth0JWH9SRIXLyrJyUtW281NUugrXuuAFrk5td_oLQ-EXpKVcLhLlOY80LIq3eds9wP0ZeFgyW_pFyMjkOHBH_fIy8AVkxNklRD0jGEfUsdvPFmXlXoKRy8TSFsFWE7UCnRxzKtwBOiC0pKNEIfnG05ZMgiR3TxudNm2-UJVqqqd4luS-9OxWeRZM-lVG_9zS4oQ3njK8Eu6AjNyUq15yubsXpSSV1vnSPVteRgjXxmzzwmnl6aCd6azYEM6X5Yxp2ScIxSTPE-qzb8Bo9RmYGRpR2u_QGIxc97l4H5_Aj0gIAtUt8T6FoX6VahlpppkWCODQ_uT5Z4h1iwHYKANMMZDDP2YXBVVkzpyFGwi0scMrSSjLRsz4xvP_0lWyaxMIMFyVTZKZRY1lYH8VmjaolrrYaCfAeuiXvXVlIxteeCpRqwYBBByZa5bY4CMnc8PmAPYwqeRAWxlg_MZRZ92761U5qZubWXkWSgsKVrmj4W8eyBPETsaYcyvb8di1JRxltmPRmuxBdmGcI4m_OmPMwmATtzp8BqM2L6lGOCFv2XDBaf_a8hgSYAPlwIubL-WSgsQV4gp389zBWWo5Iu-p0rPGzQwBEsyfwwDRwHsEELUaF6IPfK-psg3s1jmbF7o1d5t4q86rEJyK4m1tAVw4oiTbqX_n-TyB4d69SQR8zlG0E5Ak3hWM1EFpN5uDFM-caZriU5HX92WFT7NAUB113w4ttsBTKgCl6USHmtm0XA4z-EjYomVTY6Rak6I8eOy5VM0_OvCVlrXq_XVy1cq7h62Q8Dx7FCudJxUzK2uPd92QncUiTZsZR
    [remoteip] => ::1
)

Raw response: '{
  "success": true,
  "challenge_ts": "2025-08-15T08:41:18Z",
  "hostname": "localhost"
}'
Decoded response: Array
(
    [success] => 1
    [challenge_ts] => 2025-08-15T08:41:18Z
    [hostname] => localhost
)

Command: "C:\Users\Cj\AppData\Local\Programs\Python\Python313\python.exe" "C:\Users\Cj\Documents\AskCMU CAPSTONE\backend\pseudo_ai.py" "enrollment" "Chris John" 2>&1
Query: enrollment
UserName: Chris John
Output: Enrollment opens August 15. Need help with the process? Would you like to know the requirements or the steps to enroll?
Command: "C:\Users\Cj\AppData\Local\Programs\Python\Python313\python.exe" "C:\Users\Cj\Documents\AskCMU CAPSTONE\backend\pseudo_ai.py" "hewllo" "Chris John" 2>&1
Query: hewllo
UserName: Chris John
Output: I'm not sure about that yet. You can ask about enrollment, requirements, schedule, or tuition. What would you like to know?
Command: "C:\Users\Cj\AppData\Local\Programs\Python\Python313\python.exe" "C:\Users\Cj\Documents\AskCMU CAPSTONE\backend\pseudo_ai.py" "hi" "Chris John" 2>&1
Query: hi
UserName: Chris John
Output: Hi there! What would you like to know about CMU? Is there something specific you want to ask about?
Command: "C:\Users\Cj\AppData\Local\Programs\Python\Python313\python.exe" "C:\Users\Cj\Documents\AskCMU CAPSTONE\backend\pseudo_ai.py" "haha" "Chris John" 2>&1
Query: haha
UserName: Chris John
Output: I'm not sure about that yet. You can ask about enrollment, requirements, schedule, or tuition. What would you like to know?
Command: "C:\Users\Cj\AppData\Local\Programs\Python\Python313\python.exe" "C:\Users\Cj\Documents\AskCMU CAPSTONE\backend\pseudo_ai.py" "hey" "Chris John" 2>&1
Query: hey
UserName: Chris John
Output: Hello! How can I help you today? Is there something specific you want to ask about?
Command: "C:\Users\Cj\AppData\Local\Programs\Python\Python313\python.exe" "C:\Users\Cj\Documents\AskCMU CAPSTONE\backend\pseudo_ai.py" "HEY" "Chris John" 2>&1
Query: HEY
UserName: Chris John
Output: Hi there! What would you like to know about CMU? Is there something specific you want to ask about?
Command: "C:\Users\Cj\AppData\Local\Programs\Python\Python313\python.exe" "C:\Users\Cj\Documents\AskCMU CAPSTONE\backend\pseudo_ai.py" "haha" "Chris John" 2>&1
Query: haha
UserName: Chris John
Output: I'm not sure about that yet. You can ask about enrollment, requirements, schedule, or tuition. What would you like to know?
Command: "C:\Users\Cj\AppData\Local\Programs\Python\Python313\python.exe" "C:\Users\Cj\Documents\AskCMU CAPSTONE\backend\pseudo_ai.py" "haha" "Chris John" 2>&1
Query: haha
UserName: Chris John
Output: I'm not sure about that yet. You can ask about enrollment, requirements, schedule, or tuition. What would you like to know?
Command: "C:\Users\Cj\AppData\Local\Programs\Python\Python313\python.exe" "C:\Users\Cj\Documents\AskCMU CAPSTONE\backend\pseudo_ai.py" "tuition?" "Chris John" 2>&1
Query: tuition?
UserName: Chris John
Output: The tuition depends on your program. Would you like a link to the fee schedule? Would you like to know how to pay your tuition?
Command: "C:\Users\Cj\AppData\Local\Programs\Python\Python313\python.exe" "C:\Users\Cj\Documents\AskCMU CAPSTONE\backend\pseudo_ai.py" "yow" "Chris John" 2>&1
Query: yow
UserName: Chris John
Output: I'm not sure about that yet. You can ask about enrollment, requirements, schedule, or tuition. What would you like to know?
Command: "C:\Users\Cj\AppData\Local\Programs\Python\Python313\python.exe" "C:\Users\Cj\Documents\AskCMU CAPSTONE\backend\pseudo_ai.py" "how much is the tuition" "Chris John" 2>&1
Query: how much is the tuition
UserName: Chris John
Output: The tuition depends on your program. Would you like a link to the fee schedule? Would you like to know how to pay your tuition?
Command: "C:\Users\Cj\AppData\Local\Programs\Python\Python313\python.exe" "C:\Users\Cj\Documents\AskCMU CAPSTONE\backend\pseudo_ai.py" "bitch" "Chris John" 2>&1
Query: bitch
UserName: Chris John
Output: I'm not sure about that yet. You can ask about enrollment, requirements, schedule, or tuition. What would you like to know?
Command: "C:\Users\Cj\AppData\Local\Programs\Python\Python313\python.exe" "C:\Users\Cj\Documents\AskCMU CAPSTONE\backend\pseudo_ai.py" "hi" "Chris John" 2>&1
Query: hi
UserName: Chris John
Output: Hello! How can I help you today? Is there something specific you want to ask about?

=== CAPTCHA Verification Start (2025-08-15 09:11:53) ===
Received token: '03AFcWeA4gXk1SQZ0KO2FBn1FBo6Zq4kk9PO2g3RaEnBwlOA7CVNaPCjYbJHg98dW7vA5FdZWzBjGk8ceXM0c4Rq1KnU0q5U81oB7jgb5yccnCbryqy1iWf3hJQ01K47tnGe_h6gINQeR9vKYFDH7KG0YHmNIEJ2-YnuWT96fWGjk6IhxfoGSO4KpsMfQ-3n2XvRYIfchY40mGan4xSeGtfoMR9iEuDLk0K-JeVMwk7phx3wqQE0khrajKQ6GJ1uedi7yJo6LJjHqS0Iv1WWjGtuuimw0I9UFNggKZKi5YRLCDwLaxk2JZCgFWbEA_Sk3n4DUlLXyi1-dUGGLcXDBE5Ac6ghkXu6R684bRLmurmn_fAM8g2LvFTYDufmNpj6HB8lm-ss62VTuMCLdFfwMpBTzNL8jynbOoEGSDng80T8fbf5bzD_0O3sCQShfz7EDL0Bc2l1WKppPUdNZ9w3BVqKXPmRyGrKYs_hqnExNOV1WPcRIU_iJCU96V841QQsH-3_hXhqNLVFt27-qAvvOrmp5KVoxkgNSSkjyyfqHlaPFpKu1rklXJ5blZ6hWwrxjkpAEWfxlfZV41CH8Mfk4ABmXlgoLWrnIeAd0OjEfx58IRGZQajyzWJp8M6IAzeVVHYbPW9fnpzuHab2897UxNwRcMv3YgONLkkNpjCbbFphXohoJRFedQ8FIbmchrqSaJRPLUZ4e2im4CepMob2IxDyH40bdXBXEKzzkTb8f22vhhJg6ED2BiHFb-Z_WcTMk0Muw3B7yFIL5KGeekmRz2v1f7xcXz2oRIi4gEjx7INRAsPuXtWasf1l0x7mYaLl4Qh8WAYzFUgGTWe4qrkbI5PfJfhhX1flJ5n_bSNXF1tgAU3cl3l9ma9vdvx5zZZmUZRe1imj2g8XzDhDiFAvBw7lTM4zlU5Nzzk1TanxBLl5k78rpp6fbVJ5eleyGbbyYWlo6eShuv-k1PnWyuUzlPSU8S1K4Yjp3W-VsFQXD28EFLpb9kmJeOQsszoWnBMxozQCdqXZRncwmuTabo4FKVGjiCNItkIy4RWB-iL7TzehY0DqATLndUNGrKx04LoiDl2YjEWHwP81_fVtqm-SIUfhdiObvBTmTcEuOQwSaParmEzOFOm7wLDyLfiRJrGvd-8dGjqwF5KsE28yXmO0QGpez6NQzi25NSJG6g2tktvqndszucZck9-_Ogq-0FEi2Xwh8LQoJexy5iBYmobVU87e1_RWhmdtfbs61Z3x9_IHeoDN7-J23MkT1cb0_cuvcYSM_Jv6YS8b0HFNjUL6ItgE9pmmTe62GFx0gKjaud3vSN1kjwn9PfzvuaW7B21PNrgcN2TyIotmupn9hNYCbZxrK9YkUpKun7TbIa2rvlN3DuAFfo1HwghlZFtjvW41AvKs8fEGwbpAsIDga3kajYsjJzVXTUcNA6L6b8JG3n0dKGUMqVOTqdVd1aPxC_Amg4CP2wKDRJMByoG3BzPAaykohiopTzfBNbflQ8JZjKNm-LaUQJ0xR5ROChTMememKerFjfgL4Of3DQZxrJjgr4QucqTiYtTuMGGsd-FuIoTvxM5po8Hr1ESfz1iVQF0kWl_9a4hUtLHk0MpDhXs_GNyV7VgV_64vuESCNYuvGH9b5by520WyngB984RJio4nxu9W-Vf_Vgjii4LX8_89zMj0PsLibmQL6P3qKsbRMo2O6LR49GKwTXRA1BL0O3ACpzNzNH19OHjV0V6shBR3nI90F_Tad23vODrrb6nx9sMPZn9agVhXKiUiv77USmzq0SHMwc6AEOQ2QufyWfxNqvQhIFnnL245ePoKZduL32j1snFstKIHMDIeZxV4DEQYg0vVWnoLT_UaJ4FlAqWqVqjJhgOPquZOksRLSDgGtXC60nZx5RV8_MTacDmkKNNErRG0V5XZoIS0A0NoCrqlk4minS5WcYlQJ2DPKgv5BlFv0WuRQiqT7FupyEw6pwTVt5rZHQPlTyFXVSgQ9wefczZH4WxQWGJSHtU4qCp6WHEDRro3A590N7GaYHm8-1XWGqKWGAKwr08d_lMrDJJvR4Er6LHIkx2AcKCw'
Request Data: Array
(
    [secret] => 6Le2vqMrAAAAANI62Vk4UllWsoeUahl1RVNSLs-m
    [response] => 03AFcWeA4gXk1SQZ0KO2FBn1FBo6Zq4kk9PO2g3RaEnBwlOA7CVNaPCjYbJHg98dW7vA5FdZWzBjGk8ceXM0c4Rq1KnU0q5U81oB7jgb5yccnCbryqy1iWf3hJQ01K47tnGe_h6gINQeR9vKYFDH7KG0YHmNIEJ2-YnuWT96fWGjk6IhxfoGSO4KpsMfQ-3n2XvRYIfchY40mGan4xSeGtfoMR9iEuDLk0K-JeVMwk7phx3wqQE0khrajKQ6GJ1uedi7yJo6LJjHqS0Iv1WWjGtuuimw0I9UFNggKZKi5YRLCDwLaxk2JZCgFWbEA_Sk3n4DUlLXyi1-dUGGLcXDBE5Ac6ghkXu6R684bRLmurmn_fAM8g2LvFTYDufmNpj6HB8lm-ss62VTuMCLdFfwMpBTzNL8jynbOoEGSDng80T8fbf5bzD_0O3sCQShfz7EDL0Bc2l1WKppPUdNZ9w3BVqKXPmRyGrKYs_hqnExNOV1WPcRIU_iJCU96V841QQsH-3_hXhqNLVFt27-qAvvOrmp5KVoxkgNSSkjyyfqHlaPFpKu1rklXJ5blZ6hWwrxjkpAEWfxlfZV41CH8Mfk4ABmXlgoLWrnIeAd0OjEfx58IRGZQajyzWJp8M6IAzeVVHYbPW9fnpzuHab2897UxNwRcMv3YgONLkkNpjCbbFphXohoJRFedQ8FIbmchrqSaJRPLUZ4e2im4CepMob2IxDyH40bdXBXEKzzkTb8f22vhhJg6ED2BiHFb-Z_WcTMk0Muw3B7yFIL5KGeekmRz2v1f7xcXz2oRIi4gEjx7INRAsPuXtWasf1l0x7mYaLl4Qh8WAYzFUgGTWe4qrkbI5PfJfhhX1flJ5n_bSNXF1tgAU3cl3l9ma9vdvx5zZZmUZRe1imj2g8XzDhDiFAvBw7lTM4zlU5Nzzk1TanxBLl5k78rpp6fbVJ5eleyGbbyYWlo6eShuv-k1PnWyuUzlPSU8S1K4Yjp3W-VsFQXD28EFLpb9kmJeOQsszoWnBMxozQCdqXZRncwmuTabo4FKVGjiCNItkIy4RWB-iL7TzehY0DqATLndUNGrKx04LoiDl2YjEWHwP81_fVtqm-SIUfhdiObvBTmTcEuOQwSaParmEzOFOm7wLDyLfiRJrGvd-8dGjqwF5KsE28yXmO0QGpez6NQzi25NSJG6g2tktvqndszucZck9-_Ogq-0FEi2Xwh8LQoJexy5iBYmobVU87e1_RWhmdtfbs61Z3x9_IHeoDN7-J23MkT1cb0_cuvcYSM_Jv6YS8b0HFNjUL6ItgE9pmmTe62GFx0gKjaud3vSN1kjwn9PfzvuaW7B21PNrgcN2TyIotmupn9hNYCbZxrK9YkUpKun7TbIa2rvlN3DuAFfo1HwghlZFtjvW41AvKs8fEGwbpAsIDga3kajYsjJzVXTUcNA6L6b8JG3n0dKGUMqVOTqdVd1aPxC_Amg4CP2wKDRJMByoG3BzPAaykohiopTzfBNbflQ8JZjKNm-LaUQJ0xR5ROChTMememKerFjfgL4Of3DQZxrJjgr4QucqTiYtTuMGGsd-FuIoTvxM5po8Hr1ESfz1iVQF0kWl_9a4hUtLHk0MpDhXs_GNyV7VgV_64vuESCNYuvGH9b5by520WyngB984RJio4nxu9W-Vf_Vgjii4LX8_89zMj0PsLibmQL6P3qKsbRMo2O6LR49GKwTXRA1BL0O3ACpzNzNH19OHjV0V6shBR3nI90F_Tad23vODrrb6nx9sMPZn9agVhXKiUiv77USmzq0SHMwc6AEOQ2QufyWfxNqvQhIFnnL245ePoKZduL32j1snFstKIHMDIeZxV4DEQYg0vVWnoLT_UaJ4FlAqWqVqjJhgOPquZOksRLSDgGtXC60nZx5RV8_MTacDmkKNNErRG0V5XZoIS0A0NoCrqlk4minS5WcYlQJ2DPKgv5BlFv0WuRQiqT7FupyEw6pwTVt5rZHQPlTyFXVSgQ9wefczZH4WxQWGJSHtU4qCp6WHEDRro3A590N7GaYHm8-1XWGqKWGAKwr08d_lMrDJJvR4Er6LHIkx2AcKCw
    [remoteip] => ::1
)

Raw response: '{
  "success": true,
  "challenge_ts": "2025-08-15T09:11:46Z",
  "hostname": "localhost"
}'
Decoded response: Array
(
    [success] => 1
    [challenge_ts] => 2025-08-15T09:11:46Z
    [hostname] => localhost
)


=== CAPTCHA Verification Start (2025-08-15 09:11:54) ===
Received token: '03AFcWeA4gXk1SQZ0KO2FBn1FBo6Zq4kk9PO2g3RaEnBwlOA7CVNaPCjYbJHg98dW7vA5FdZWzBjGk8ceXM0c4Rq1KnU0q5U81oB7jgb5yccnCbryqy1iWf3hJQ01K47tnGe_h6gINQeR9vKYFDH7KG0YHmNIEJ2-YnuWT96fWGjk6IhxfoGSO4KpsMfQ-3n2XvRYIfchY40mGan4xSeGtfoMR9iEuDLk0K-JeVMwk7phx3wqQE0khrajKQ6GJ1uedi7yJo6LJjHqS0Iv1WWjGtuuimw0I9UFNggKZKi5YRLCDwLaxk2JZCgFWbEA_Sk3n4DUlLXyi1-dUGGLcXDBE5Ac6ghkXu6R684bRLmurmn_fAM8g2LvFTYDufmNpj6HB8lm-ss62VTuMCLdFfwMpBTzNL8jynbOoEGSDng80T8fbf5bzD_0O3sCQShfz7EDL0Bc2l1WKppPUdNZ9w3BVqKXPmRyGrKYs_hqnExNOV1WPcRIU_iJCU96V841QQsH-3_hXhqNLVFt27-qAvvOrmp5KVoxkgNSSkjyyfqHlaPFpKu1rklXJ5blZ6hWwrxjkpAEWfxlfZV41CH8Mfk4ABmXlgoLWrnIeAd0OjEfx58IRGZQajyzWJp8M6IAzeVVHYbPW9fnpzuHab2897UxNwRcMv3YgONLkkNpjCbbFphXohoJRFedQ8FIbmchrqSaJRPLUZ4e2im4CepMob2IxDyH40bdXBXEKzzkTb8f22vhhJg6ED2BiHFb-Z_WcTMk0Muw3B7yFIL5KGeekmRz2v1f7xcXz2oRIi4gEjx7INRAsPuXtWasf1l0x7mYaLl4Qh8WAYzFUgGTWe4qrkbI5PfJfhhX1flJ5n_bSNXF1tgAU3cl3l9ma9vdvx5zZZmUZRe1imj2g8XzDhDiFAvBw7lTM4zlU5Nzzk1TanxBLl5k78rpp6fbVJ5eleyGbbyYWlo6eShuv-k1PnWyuUzlPSU8S1K4Yjp3W-VsFQXD28EFLpb9kmJeOQsszoWnBMxozQCdqXZRncwmuTabo4FKVGjiCNItkIy4RWB-iL7TzehY0DqATLndUNGrKx04LoiDl2YjEWHwP81_fVtqm-SIUfhdiObvBTmTcEuOQwSaParmEzOFOm7wLDyLfiRJrGvd-8dGjqwF5KsE28yXmO0QGpez6NQzi25NSJG6g2tktvqndszucZck9-_Ogq-0FEi2Xwh8LQoJexy5iBYmobVU87e1_RWhmdtfbs61Z3x9_IHeoDN7-J23MkT1cb0_cuvcYSM_Jv6YS8b0HFNjUL6ItgE9pmmTe62GFx0gKjaud3vSN1kjwn9PfzvuaW7B21PNrgcN2TyIotmupn9hNYCbZxrK9YkUpKun7TbIa2rvlN3DuAFfo1HwghlZFtjvW41AvKs8fEGwbpAsIDga3kajYsjJzVXTUcNA6L6b8JG3n0dKGUMqVOTqdVd1aPxC_Amg4CP2wKDRJMByoG3BzPAaykohiopTzfBNbflQ8JZjKNm-LaUQJ0xR5ROChTMememKerFjfgL4Of3DQZxrJjgr4QucqTiYtTuMGGsd-FuIoTvxM5po8Hr1ESfz1iVQF0kWl_9a4hUtLHk0MpDhXs_GNyV7VgV_64vuESCNYuvGH9b5by520WyngB984RJio4nxu9W-Vf_Vgjii4LX8_89zMj0PsLibmQL6P3qKsbRMo2O6LR49GKwTXRA1BL0O3ACpzNzNH19OHjV0V6shBR3nI90F_Tad23vODrrb6nx9sMPZn9agVhXKiUiv77USmzq0SHMwc6AEOQ2QufyWfxNqvQhIFnnL245ePoKZduL32j1snFstKIHMDIeZxV4DEQYg0vVWnoLT_UaJ4FlAqWqVqjJhgOPquZOksRLSDgGtXC60nZx5RV8_MTacDmkKNNErRG0V5XZoIS0A0NoCrqlk4minS5WcYlQJ2DPKgv5BlFv0WuRQiqT7FupyEw6pwTVt5rZHQPlTyFXVSgQ9wefczZH4WxQWGJSHtU4qCp6WHEDRro3A590N7GaYHm8-1XWGqKWGAKwr08d_lMrDJJvR4Er6LHIkx2AcKCw'
Request Data: Array
(
    [secret] => 6Le2vqMrAAAAANI62Vk4UllWsoeUahl1RVNSLs-m
    [response] => 03AFcWeA4gXk1SQZ0KO2FBn1FBo6Zq4kk9PO2g3RaEnBwlOA7CVNaPCjYbJHg98dW7vA5FdZWzBjGk8ceXM0c4Rq1KnU0q5U81oB7jgb5yccnCbryqy1iWf3hJQ01K47tnGe_h6gINQeR9vKYFDH7KG0YHmNIEJ2-YnuWT96fWGjk6IhxfoGSO4KpsMfQ-3n2XvRYIfchY40mGan4xSeGtfoMR9iEuDLk0K-JeVMwk7phx3wqQE0khrajKQ6GJ1uedi7yJo6LJjHqS0Iv1WWjGtuuimw0I9UFNggKZKi5YRLCDwLaxk2JZCgFWbEA_Sk3n4DUlLXyi1-dUGGLcXDBE5Ac6ghkXu6R684bRLmurmn_fAM8g2LvFTYDufmNpj6HB8lm-ss62VTuMCLdFfwMpBTzNL8jynbOoEGSDng80T8fbf5bzD_0O3sCQShfz7EDL0Bc2l1WKppPUdNZ9w3BVqKXPmRyGrKYs_hqnExNOV1WPcRIU_iJCU96V841QQsH-3_hXhqNLVFt27-qAvvOrmp5KVoxkgNSSkjyyfqHlaPFpKu1rklXJ5blZ6hWwrxjkpAEWfxlfZV41CH8Mfk4ABmXlgoLWrnIeAd0OjEfx58IRGZQajyzWJp8M6IAzeVVHYbPW9fnpzuHab2897UxNwRcMv3YgONLkkNpjCbbFphXohoJRFedQ8FIbmchrqSaJRPLUZ4e2im4CepMob2IxDyH40bdXBXEKzzkTb8f22vhhJg6ED2BiHFb-Z_WcTMk0Muw3B7yFIL5KGeekmRz2v1f7xcXz2oRIi4gEjx7INRAsPuXtWasf1l0x7mYaLl4Qh8WAYzFUgGTWe4qrkbI5PfJfhhX1flJ5n_bSNXF1tgAU3cl3l9ma9vdvx5zZZmUZRe1imj2g8XzDhDiFAvBw7lTM4zlU5Nzzk1TanxBLl5k78rpp6fbVJ5eleyGbbyYWlo6eShuv-k1PnWyuUzlPSU8S1K4Yjp3W-VsFQXD28EFLpb9kmJeOQsszoWnBMxozQCdqXZRncwmuTabo4FKVGjiCNItkIy4RWB-iL7TzehY0DqATLndUNGrKx04LoiDl2YjEWHwP81_fVtqm-SIUfhdiObvBTmTcEuOQwSaParmEzOFOm7wLDyLfiRJrGvd-8dGjqwF5KsE28yXmO0QGpez6NQzi25NSJG6g2tktvqndszucZck9-_Ogq-0FEi2Xwh8LQoJexy5iBYmobVU87e1_RWhmdtfbs61Z3x9_IHeoDN7-J23MkT1cb0_cuvcYSM_Jv6YS8b0HFNjUL6ItgE9pmmTe62GFx0gKjaud3vSN1kjwn9PfzvuaW7B21PNrgcN2TyIotmupn9hNYCbZxrK9YkUpKun7TbIa2rvlN3DuAFfo1HwghlZFtjvW41AvKs8fEGwbpAsIDga3kajYsjJzVXTUcNA6L6b8JG3n0dKGUMqVOTqdVd1aPxC_Amg4CP2wKDRJMByoG3BzPAaykohiopTzfBNbflQ8JZjKNm-LaUQJ0xR5ROChTMememKerFjfgL4Of3DQZxrJjgr4QucqTiYtTuMGGsd-FuIoTvxM5po8Hr1ESfz1iVQF0kWl_9a4hUtLHk0MpDhXs_GNyV7VgV_64vuESCNYuvGH9b5by520WyngB984RJio4nxu9W-Vf_Vgjii4LX8_89zMj0PsLibmQL6P3qKsbRMo2O6LR49GKwTXRA1BL0O3ACpzNzNH19OHjV0V6shBR3nI90F_Tad23vODrrb6nx9sMPZn9agVhXKiUiv77USmzq0SHMwc6AEOQ2QufyWfxNqvQhIFnnL245ePoKZduL32j1snFstKIHMDIeZxV4DEQYg0vVWnoLT_UaJ4FlAqWqVqjJhgOPquZOksRLSDgGtXC60nZx5RV8_MTacDmkKNNErRG0V5XZoIS0A0NoCrqlk4minS5WcYlQJ2DPKgv5BlFv0WuRQiqT7FupyEw6pwTVt5rZHQPlTyFXVSgQ9wefczZH4WxQWGJSHtU4qCp6WHEDRro3A590N7GaYHm8-1XWGqKWGAKwr08d_lMrDJJvR4Er6LHIkx2AcKCw
    [remoteip] => ::1
)

Raw response: '{
  "success": false,
  "error-codes": [
    "timeout-or-duplicate"
  ]
}'
Decoded response: Array
(
    [success] => 
    [error-codes] => Array
        (
            [0] => timeout-or-duplicate
        )

)


=== CAPTCHA Verification Start (2025-08-15 09:12:59) ===
Received token: '03AFcWeA660H9j55qhQBcr21MAn3TpRn6zobpk7kBUUJqmx384cUf3Xrf809xER9--Wz6_XIqo07NFjVeJHGeoGJc2OatBbZK179CrMcUpC18djIPuR88WOcNjkSmTqDrvC7t42vjSX3qEz_HN1MlSrTs_02cbrjB4TnJnPSfwtMHMYhVSAWCZxK5TlXelJ4zKDjFRCG67yAvGZehmvn1lj1wrJXMy-2WEANlhZmoL5fP53HuUTE_V2thmqqnsITisx2mDh_3y6I6lFUgdVXZgdTj5iIG3dXxjxwzBdO-VBrM2NNJtC85C4iiuTqt5bFBb3Zq8iJjCH7OlOj_3rQUiiXyJSLpTIf_-Aak_Q706beYSlR8YCR7Ke73HY0QtuWasPcOCZmPwtoBOgAy-83OX_lMqiVm7VcnjAwXPO8BBAiXsBcNl7yaSr45MjeVU-EQ6cuhTArwIzanF7fuqxZFriKrtTprzrMc4Ah5DjOqnLwmwUPfb0Gfr9uhcBKh0QhwMb_ecO1OuQCCiNa7icfbffkR9Y-Yhlu6oNxy913okr2Nsg5EjSHEsX_I5HD7uAtlof4-UAlwWWPCtthAHEKW4opiv_X7PPEcpLCk5s9zvVBLAXtpPtLFaSjSga-I-CjyB_VU2XoPAaP7yZBTHlNEv00hUx1StEY5cBiPigcceoVJ4CfpOMu0cRk4WYX6gboSiX0BTq78XgqpHeCUaMQluU9LlMrmJd6GlJuOUQo7aTOrZ5FVPGp-Gndq_RCzX1LYh0f3XfLsCIxNR1OSMeI4-5gkAf6wYSPvJ4146bjZANW7LwcP8J-XCHAqECrUEK9cVZRA4K5xYUkpOhVAK8jXsHbOvuog8oWgPItvq9Bn-pdhhpsTd5_fjum6mK0uHx7oDBJ5amWY84BbK9qrdWI0XmyDegrr0Jqxe76f_1N5gSfkpVn7KB1ihqDXSrNl1HDjJYRhmpDsEZKz1S92e1cz7vZVpJrcek2af97qP-GoPbqv5OB4yAY-oeuUC21iJW-TgfH5vjqFAMh3RYj-B_XurBu9GrSgbaxym7phUYspfAIZadN--qClXIsJk8aV8-zMfHKNNxVs23dTwwC2fIBfTa08ICTRr496vysUpM5Kj58PZ8j2UZIxQa-TwVrfyTc4_zd32HSBe_CHTlUT8Jks6iAV1dlGgj1TOGsPpwVxzYQO68CK0ZpMYlR6T4r7a6TXCDdn0hY3uxAJMh8nyqMwnKWNt9r_tb3KNNfEsYghJwlovc2a02JcVrY_vZZQHFSpu_zAZbDKBkwDyzQR79ggV5Pinx5VXAhwf6B47OfMP1YBn_uyXC-iUsInOsSk14Q-d1prs0iRyQ6_isXFAjnNZHqV81ot_Y44czQ7KkCbfrIZAQBchDjRUxpD1arQyAYPZks6P8HBIjLMMvpSNuV1zL-khDS-iAkVA1u5G5No-V5mnfAQsttMf6DIfHEUAesJQ6Jcopdtj4Tv-V_ShJSTM4viYekyPheiTyzZO42LX0vUpAWh0LHvATg90X73OdCnq0GXfAUVxMtK_0qamk5ghrtoEGuFDNWJgpXwmBF1LtiK9JW0-vm7rPi0B638kzkpEhEZETSf4eMg5T4LouB5PmxTgLIQyZ0kABqTM80tsNJGnsgHj17OeipUND2FfjMDzKvgBwSoyKUnMJKxKWcjptqsiWMsl2nSlpNRDNYdwXSdCfdqFlPluYVbaO5NmV1BPATXT4M_Sk6zyFibRA9NNrjdcTYqsmI2ZMUPYcHswqzPCqsf4UMiYLcdeWUFBEFmDICDO3QZ-z8KvA8OCDoDY-yBA7ufagXT379i1fXnD7V5CbH3jXOpADkCAjhOGVUy9Tt85Dn-92yJ1zGEKy684pEbPZf-FZ6v7RRTCeBaaOPfWqPHINYt2tah4SkNSSN4RVJ5_NtTC7BKFnNEAO3pkT6ikodwUTUFxLJzC-gtqd5P-AkU0Ubt-neS4nYUvUb-F4xjDwRP22HqC8WjKn3Myu8e6QiH8kGw_TdyYuoP6kzC1iU7VdIbWvXcCJ4i2JNT5j3TiAzKwfjNDZ12inDTFvIux2kRhu9v3Hw'
Request Data: Array
(
    [secret] => 6Le2vqMrAAAAANI62Vk4UllWsoeUahl1RVNSLs-m
    [response] => 03AFcWeA660H9j55qhQBcr21MAn3TpRn6zobpk7kBUUJqmx384cUf3Xrf809xER9--Wz6_XIqo07NFjVeJHGeoGJc2OatBbZK179CrMcUpC18djIPuR88WOcNjkSmTqDrvC7t42vjSX3qEz_HN1MlSrTs_02cbrjB4TnJnPSfwtMHMYhVSAWCZxK5TlXelJ4zKDjFRCG67yAvGZehmvn1lj1wrJXMy-2WEANlhZmoL5fP53HuUTE_V2thmqqnsITisx2mDh_3y6I6lFUgdVXZgdTj5iIG3dXxjxwzBdO-VBrM2NNJtC85C4iiuTqt5bFBb3Zq8iJjCH7OlOj_3rQUiiXyJSLpTIf_-Aak_Q706beYSlR8YCR7Ke73HY0QtuWasPcOCZmPwtoBOgAy-83OX_lMqiVm7VcnjAwXPO8BBAiXsBcNl7yaSr45MjeVU-EQ6cuhTArwIzanF7fuqxZFriKrtTprzrMc4Ah5DjOqnLwmwUPfb0Gfr9uhcBKh0QhwMb_ecO1OuQCCiNa7icfbffkR9Y-Yhlu6oNxy913okr2Nsg5EjSHEsX_I5HD7uAtlof4-UAlwWWPCtthAHEKW4opiv_X7PPEcpLCk5s9zvVBLAXtpPtLFaSjSga-I-CjyB_VU2XoPAaP7yZBTHlNEv00hUx1StEY5cBiPigcceoVJ4CfpOMu0cRk4WYX6gboSiX0BTq78XgqpHeCUaMQluU9LlMrmJd6GlJuOUQo7aTOrZ5FVPGp-Gndq_RCzX1LYh0f3XfLsCIxNR1OSMeI4-5gkAf6wYSPvJ4146bjZANW7LwcP8J-XCHAqECrUEK9cVZRA4K5xYUkpOhVAK8jXsHbOvuog8oWgPItvq9Bn-pdhhpsTd5_fjum6mK0uHx7oDBJ5amWY84BbK9qrdWI0XmyDegrr0Jqxe76f_1N5gSfkpVn7KB1ihqDXSrNl1HDjJYRhmpDsEZKz1S92e1cz7vZVpJrcek2af97qP-GoPbqv5OB4yAY-oeuUC21iJW-TgfH5vjqFAMh3RYj-B_XurBu9GrSgbaxym7phUYspfAIZadN--qClXIsJk8aV8-zMfHKNNxVs23dTwwC2fIBfTa08ICTRr496vysUpM5Kj58PZ8j2UZIxQa-TwVrfyTc4_zd32HSBe_CHTlUT8Jks6iAV1dlGgj1TOGsPpwVxzYQO68CK0ZpMYlR6T4r7a6TXCDdn0hY3uxAJMh8nyqMwnKWNt9r_tb3KNNfEsYghJwlovc2a02JcVrY_vZZQHFSpu_zAZbDKBkwDyzQR79ggV5Pinx5VXAhwf6B47OfMP1YBn_uyXC-iUsInOsSk14Q-d1prs0iRyQ6_isXFAjnNZHqV81ot_Y44czQ7KkCbfrIZAQBchDjRUxpD1arQyAYPZks6P8HBIjLMMvpSNuV1zL-khDS-iAkVA1u5G5No-V5mnfAQsttMf6DIfHEUAesJQ6Jcopdtj4Tv-V_ShJSTM4viYekyPheiTyzZO42LX0vUpAWh0LHvATg90X73OdCnq0GXfAUVxMtK_0qamk5ghrtoEGuFDNWJgpXwmBF1LtiK9JW0-vm7rPi0B638kzkpEhEZETSf4eMg5T4LouB5PmxTgLIQyZ0kABqTM80tsNJGnsgHj17OeipUND2FfjMDzKvgBwSoyKUnMJKxKWcjptqsiWMsl2nSlpNRDNYdwXSdCfdqFlPluYVbaO5NmV1BPATXT4M_Sk6zyFibRA9NNrjdcTYqsmI2ZMUPYcHswqzPCqsf4UMiYLcdeWUFBEFmDICDO3QZ-z8KvA8OCDoDY-yBA7ufagXT379i1fXnD7V5CbH3jXOpADkCAjhOGVUy9Tt85Dn-92yJ1zGEKy684pEbPZf-FZ6v7RRTCeBaaOPfWqPHINYt2tah4SkNSSN4RVJ5_NtTC7BKFnNEAO3pkT6ikodwUTUFxLJzC-gtqd5P-AkU0Ubt-neS4nYUvUb-F4xjDwRP22HqC8WjKn3Myu8e6QiH8kGw_TdyYuoP6kzC1iU7VdIbWvXcCJ4i2JNT5j3TiAzKwfjNDZ12inDTFvIux2kRhu9v3Hw
    [remoteip] => ::1
)

Raw response: '{
  "success": true,
  "challenge_ts": "2025-08-15T09:12:50Z",
  "hostname": "localhost"
}'
Decoded response: Array
(
    [success] => 1
    [challenge_ts] => 2025-08-15T09:12:50Z
    [hostname] => localhost
)

Command: "C:\Users\Cj\AppData\Local\Programs\Python\Python313\python.exe" "C:\Users\Cj\Documents\AskCMU CAPSTONE\backend\pseudo_ai.py" "hello" "Mico" 2>&1
Query: hello
UserName: Mico
Output: Hi there! What would you like to know about CMU? Is there something specific you want to ask about?
Command: "C:\Users\Cj\AppData\Local\Programs\Python\Python313\python.exe" "C:\Users\Cj\Documents\AskCMU CAPSTONE\backend\pseudo_ai.py" "??" "Mico" 2>&1
Query: ??
UserName: Mico
Output: I'm not sure about that yet. You can ask about enrollment, requirements, schedule, or tuition. What would you like to know?
Command: "C:\Users\Cj\AppData\Local\Programs\Python\Python313\python.exe" "C:\Users\Cj\Documents\AskCMU CAPSTONE\backend\pseudo_ai.py" "hey" "Mico" 2>&1
Query: hey
UserName: Mico
Output: Hi there! What would you like to know about CMU? Is there something specific you want to ask about?
Command: "C:\Users\Cj\AppData\Local\Programs\Python\Python313\python.exe" "C:\Users\Cj\Documents\AskCMU CAPSTONE\backend\pseudo_ai.py" "enrollment" "Mico" 2>&1
Query: enrollment
UserName: Mico
Output: You can enroll starting August 15! Would you like to know the requirements? Would you like to know the requirements or the steps to enroll?

=== CAPTCHA Verification Start (2025-08-15 09:15:33) ===
Received token: '03AFcWeA4Yr_bRU_QSTQAJk5figAsPdaPOvm625W0mmIdjRUfBfMr1Q3P1FclNtn6Kp63p7u203S3f0XipXIeho02Y4e_cB0HmEJyEMrKaGMjmWNoKkCOTTGQwGmZjTdBxuUQRjq_lWZ_IKM5WQaFPycd_YjBLbanq9ufC1CYsdX8OOI7IBefVQfhkMRqq6Lj7i9FN0_KQ0kumK4AP-esqRg5Z6JZs2Tm4S3z83hoTcmH45-D5P-p4J8C5IDCI1jvVlDJFaVmKmFvZg8278czza3kIHRymIiAfPn80bR2z0nAQF1fSoA3JmchLPMbNMyiJS3ltcocWfnIqV6b7nbFbcE7YJRiKpIzRWxnbwnOnedXeEiQbe_uiRXghNHQ9J4D1Cv7x2qXy-1-CZyRMLcOZPNMZtkIfNb0xWUdF3jqGOp3em6ZAIkNNFm1lN3duX-n1b84lkpyvcoQ_iCRGFffs4-k_SAt6d6u9LDxT6cy1NaJOywu181_zbv29AvTlBFoHpRGfWnqDgowOcICx7goSSDsnHwZV2Ahl5m8UPF-w8ZO6y7UMHd5_mNdypkXjIb-O2brzov-sxJk8XUITOSPst2pxUWhJRkYwINx3w1AgJLGvi7DClriryQk6xJeqtvtuNlj-7KwLF8ZY15G4WSVNT8vXjrb7cHQCZDbk8XlpA5v6IgWBSl0c49o_idKWHglDqwWk0SSPfdRAsVV4VN6u3pUnYb6OnlCHiJAexjNhnChqvFH3roJZUuwVREAyNIsDbeiSl15_iz2ZmDXUDIoQw3y1MozZntw0CiEO6GrpG9ua_NLut_vo3fBmg3tKEuNuzuW-LjlJhSno6twnHLhZPPyzIvcxrcGBFlos_YmjSKxFh5HlQGhIlx8r2t50AdLavr3v8SaMUpxwnMGH1NJNoiRT7HEqQ2IcDOuJS47d9jWSheAmHkmR-JZqNviBKd_L_Jj8DFlXTensMSHK4-qIRQOMyKtt55AwMm9UO5kxYL_E-a8voe2Fs7DADVj4ZgvTYOGDUBCiIxKPePLYUTvPXaHejIuQfTlOCFhR63eAYGssb_I7BzTCtqurO28A7oTxtWtvrKnOs9KCL_kKU51aj3wRUGzOpppQGY_6RaXdau34KLJMP6QDGPFpD7d0j9u1oiqWtFGg0wuMDIzv_BBjNPBkAl6lWTpRIsX4jecyaMcQeC0lYJCG3A5G8JpO9e_gGxI6Ode9hwBWj3MF5UY0nr_Sdhl1j82xmAnbMrijAdqZ1jJexCzar-DDL1MW8lnKJJ5diuhfXMmOU8h6N0TUxODKDthnp0PSSEi84f3Lbs6gQLOM9IXjfUtc4S91BQUzXgG68RvohBJiTXFGGpm1o9bt0809SSowPipHpl5KsEss1cr97vXV08XKUDnZ0aCN9lLibCARwbMWpey4FxcIdoQ482PpgtSVBUff4XwhRNlTlCGktHrd-Dy7RhbpaJElnnXPcjcGOPC4YsU28kGXg3QyuHrBYFfLiXp2QFnBuC-xO-fx7ahszCFw0ZaA_7N6AriFDhTI6Lh1YvpqRH0ytqbwgAiRAikjK6zz3c-mQLgabWOEWIdzh45iAOu803LFZH9-TuxCTnnPYQxlBIjXWIQKtOQtyRCX7ERtPx_BSKE6bGGoaEicSlL3yTPfbWdgY_CRI4ikbfA7TvN7UASer8JRRd2e96ZhbXd901C_poHfPCkv5DNceEoI-JvUBCYBA5CkXOojSUl388b-pBaNMjLOP20p_ULmra4vA_k2NbuoIXByO9VjYGEkgrWYTaWBR9iU-b0yVeque5sQ_WamGXPsYRItlsoThu-Pzxu8jZw0myixD-oHzhlGM-opBybvP80yveIf9FIukN-i62zmAw2Ht14kD5LtXEm_1C3TPFqmm8bo1TlKGbquo-caDg2F_Cgy4B41BYxVEATRd6Ymfqp-qkVpVuOPSqJ8cn97ybqkObKDFv7pgKwFt5R065h9JMvcXzm_j7p75TjeEdDhzuL1L7UkqDFOAxTuIqNVtUx2LaLBHWTvO_YhQW6H5Nx1idFSzcSEo5na7fdFCB_XZ2FP4Mww1VjJag'
Request Data: Array
(
    [secret] => 6Le2vqMrAAAAANI62Vk4UllWsoeUahl1RVNSLs-m
    [response] => 03AFcWeA4Yr_bRU_QSTQAJk5figAsPdaPOvm625W0mmIdjRUfBfMr1Q3P1FclNtn6Kp63p7u203S3f0XipXIeho02Y4e_cB0HmEJyEMrKaGMjmWNoKkCOTTGQwGmZjTdBxuUQRjq_lWZ_IKM5WQaFPycd_YjBLbanq9ufC1CYsdX8OOI7IBefVQfhkMRqq6Lj7i9FN0_KQ0kumK4AP-esqRg5Z6JZs2Tm4S3z83hoTcmH45-D5P-p4J8C5IDCI1jvVlDJFaVmKmFvZg8278czza3kIHRymIiAfPn80bR2z0nAQF1fSoA3JmchLPMbNMyiJS3ltcocWfnIqV6b7nbFbcE7YJRiKpIzRWxnbwnOnedXeEiQbe_uiRXghNHQ9J4D1Cv7x2qXy-1-CZyRMLcOZPNMZtkIfNb0xWUdF3jqGOp3em6ZAIkNNFm1lN3duX-n1b84lkpyvcoQ_iCRGFffs4-k_SAt6d6u9LDxT6cy1NaJOywu181_zbv29AvTlBFoHpRGfWnqDgowOcICx7goSSDsnHwZV2Ahl5m8UPF-w8ZO6y7UMHd5_mNdypkXjIb-O2brzov-sxJk8XUITOSPst2pxUWhJRkYwINx3w1AgJLGvi7DClriryQk6xJeqtvtuNlj-7KwLF8ZY15G4WSVNT8vXjrb7cHQCZDbk8XlpA5v6IgWBSl0c49o_idKWHglDqwWk0SSPfdRAsVV4VN6u3pUnYb6OnlCHiJAexjNhnChqvFH3roJZUuwVREAyNIsDbeiSl15_iz2ZmDXUDIoQw3y1MozZntw0CiEO6GrpG9ua_NLut_vo3fBmg3tKEuNuzuW-LjlJhSno6twnHLhZPPyzIvcxrcGBFlos_YmjSKxFh5HlQGhIlx8r2t50AdLavr3v8SaMUpxwnMGH1NJNoiRT7HEqQ2IcDOuJS47d9jWSheAmHkmR-JZqNviBKd_L_Jj8DFlXTensMSHK4-qIRQOMyKtt55AwMm9UO5kxYL_E-a8voe2Fs7DADVj4ZgvTYOGDUBCiIxKPePLYUTvPXaHejIuQfTlOCFhR63eAYGssb_I7BzTCtqurO28A7oTxtWtvrKnOs9KCL_kKU51aj3wRUGzOpppQGY_6RaXdau34KLJMP6QDGPFpD7d0j9u1oiqWtFGg0wuMDIzv_BBjNPBkAl6lWTpRIsX4jecyaMcQeC0lYJCG3A5G8JpO9e_gGxI6Ode9hwBWj3MF5UY0nr_Sdhl1j82xmAnbMrijAdqZ1jJexCzar-DDL1MW8lnKJJ5diuhfXMmOU8h6N0TUxODKDthnp0PSSEi84f3Lbs6gQLOM9IXjfUtc4S91BQUzXgG68RvohBJiTXFGGpm1o9bt0809SSowPipHpl5KsEss1cr97vXV08XKUDnZ0aCN9lLibCARwbMWpey4FxcIdoQ482PpgtSVBUff4XwhRNlTlCGktHrd-Dy7RhbpaJElnnXPcjcGOPC4YsU28kGXg3QyuHrBYFfLiXp2QFnBuC-xO-fx7ahszCFw0ZaA_7N6AriFDhTI6Lh1YvpqRH0ytqbwgAiRAikjK6zz3c-mQLgabWOEWIdzh45iAOu803LFZH9-TuxCTnnPYQxlBIjXWIQKtOQtyRCX7ERtPx_BSKE6bGGoaEicSlL3yTPfbWdgY_CRI4ikbfA7TvN7UASer8JRRd2e96ZhbXd901C_poHfPCkv5DNceEoI-JvUBCYBA5CkXOojSUl388b-pBaNMjLOP20p_ULmra4vA_k2NbuoIXByO9VjYGEkgrWYTaWBR9iU-b0yVeque5sQ_WamGXPsYRItlsoThu-Pzxu8jZw0myixD-oHzhlGM-opBybvP80yveIf9FIukN-i62zmAw2Ht14kD5LtXEm_1C3TPFqmm8bo1TlKGbquo-caDg2F_Cgy4B41BYxVEATRd6Ymfqp-qkVpVuOPSqJ8cn97ybqkObKDFv7pgKwFt5R065h9JMvcXzm_j7p75TjeEdDhzuL1L7UkqDFOAxTuIqNVtUx2LaLBHWTvO_YhQW6H5Nx1idFSzcSEo5na7fdFCB_XZ2FP4Mww1VjJag
    [remoteip] => ::1
)

Raw response: '{
  "success": true,
  "challenge_ts": "2025-08-15T09:15:27Z",
  "hostname": "localhost"
}'
Decoded response: Array
(
    [success] => 1
    [challenge_ts] => 2025-08-15T09:15:27Z
    [hostname] => localhost
)

Command: "C:\Users\Cj\AppData\Local\Programs\Python\Python313\python.exe" "C:\Users\Cj\Documents\AskCMU CAPSTONE\backend\pseudo_ai.py" "hey" "Chris John" 2>&1
Query: hey
UserName: Chris John
Output: Hey! Ask me anything about enrollment or requirements. Is there something specific you want to ask about?
Command: "C:\Users\Cj\AppData\Local\Programs\Python\Python313\python.exe" "C:\Users\Cj\Documents\AskCMU CAPSTONE\backend\pseudo_ai.py" "tuition" "Chris John" 2>&1
Query: tuition
UserName: Chris John
Output: Tuition information is available from the finance office. Would you like to know how to pay your tuition?
Command: "C:\Users\Cj\AppData\Local\Programs\Python\Python313\python.exe" "C:\Users\Cj\Documents\AskCMU CAPSTONE\backend\pseudo_ai.py" "haha" "Chris John" 2>&1
Query: haha
UserName: Chris John
Output: I'm not sure about that yet. You can ask about enrollment, requirements, schedule, or tuition. What would you like to know?
Command: "C:\Users\Cj\AppData\Local\Programs\Python\Python313\python.exe" "C:\Users\Cj\Documents\AskCMU CAPSTONE\backend\pseudo_ai.py" "hi" "Chris John" 2>&1
Query: hi
UserName: Chris John
Output: Hey! Ask me anything about enrollment or requirements. Is there something specific you want to ask about?
Command: "C:\Users\Cj\AppData\Local\Programs\Python\Python313\python.exe" "C:\Users\Cj\Documents\AskCMU CAPSTONE\backend\pseudo_ai.py" "enrollment" "Chris John" 2>&1
Query: enrollment
UserName: Chris John
Output: Enrollment starts on August 15. You can register online or visit the registrar's office. Would you like to know the requirements or the steps to enroll?
Command: "C:\Users\Cj\AppData\Local\Programs\Python\Python313\python.exe" "C:\Users\Cj\Documents\AskCMU CAPSTONE\backend\pseudo_ai.py" "hi" "Chris John" 2>&1
Query: hi
UserName: Chris John
Output: Hi there! What would you like to know about CMU? Is there something specific you want to ask about?
Command: "C:\Users\Cj\AppData\Local\Programs\Python\Python313\python.exe" "C:\Users\Cj\Documents\AskCMU CAPSTONE\backend\pseudo_ai.py" "fafwa" "Chris John" 2>&1
Query: fafwa
UserName: Chris John
Output: I'm not sure about that yet. You can ask about enrollment, requirements, schedule, or tuition. What would you like to know?
Command: "C:\Users\Cj\AppData\Local\Programs\Python\Python313\python.exe" "C:\Users\Cj\Documents\AskCMU CAPSTONE\backend\pseudo_ai.py" "rfawf" "Chris John" 2>&1
Query: rfawf
UserName: Chris John
Output: I'm not sure about that yet. You can ask about enrollment, requirements, schedule, or tuition. What would you like to know?
Command: "C:\Users\Cj\AppData\Local\Programs\Python\Python313\python.exe" "C:\Users\Cj\Documents\AskCMU CAPSTONE\backend\pseudo_ai.py" "ga" "Chris John" 2>&1
Query: ga
UserName: Chris John
Output: I'm not sure about that yet. You can ask about enrollment, requirements, schedule, or tuition. What would you like to know?
Command: "C:\Users\Cj\AppData\Local\Programs\Python\Python313\python.exe" "C:\Users\Cj\Documents\AskCMU CAPSTONE\backend\pseudo_ai.py" "gaga" "Chris John" 2>&1
Query: gaga
UserName: Chris John
Output: I'm not sure about that yet. You can ask about enrollment, requirements, schedule, or tuition. What would you like to know?
Command: "C:\Users\Cj\AppData\Local\Programs\Python\Python313\python.exe" "C:\Users\Cj\Documents\AskCMU CAPSTONE\backend\pseudo_ai.py" "ga" "Chris John" 2>&1
Query: ga
UserName: Chris John
Output: I'm not sure about that yet. You can ask about enrollment, requirements, schedule, or tuition. What would you like to know?
Command: "C:\Users\Cj\AppData\Local\Programs\Python\Python313\python.exe" "C:\Users\Cj\Documents\AskCMU CAPSTONE\backend\pseudo_ai.py" "hey" "Chris John" 2>&1
Query: hey
UserName: Chris John
Output: Hey! Ask me anything about enrollment or requirements. Is there something specific you want to ask about?
Command: "C:\Users\Cj\AppData\Local\Programs\Python\Python313\python.exe" "C:\Users\Cj\Documents\AskCMU CAPSTONE\backend\pseudo_ai.py" "gagagagaga" "Chris John" 2>&1
Query: gagagagaga
UserName: Chris John
Output: I'm not sure about that yet. You can ask about enrollment, requirements, schedule, or tuition. What would you like to know?
Command: "C:\Users\Cj\AppData\Local\Programs\Python\Python313\python.exe" "C:\Users\Cj\Documents\AskCMU CAPSTONE\backend\pseudo_ai.py" "tuition" "Chris John" 2>&1
Query: tuition
UserName: Chris John
Output: Tuition fees vary by program. Visit the CMU website or contact the finance office for details. Would you like to know how to pay your tuition?
Command: "C:\Users\Cj\AppData\Local\Programs\Python\Python313\python.exe" "C:\Users\Cj\Documents\AskCMU CAPSTONE\backend\pseudo_ai.py" "enrollment" "Chris John" 2>&1
Query: enrollment
UserName: Chris John
Output: You can enroll starting August 15! Would you like to know the requirements? Would you like to know the requirements or the steps to enroll?
Command: "C:\Users\Cj\AppData\Local\Programs\Python\Python313\python.exe" "C:\Users\Cj\Documents\AskCMU CAPSTONE\backend\pseudo_ai.py" "enrollment" "Chris John" 2>&1
Query: enrollment
UserName: Chris John
Output: You can enroll starting August 15! Would you like to know the requirements? Would you like to know the requirements or the steps to enroll?
Command: "C:\Users\Cj\AppData\Local\Programs\Python\Python313\python.exe" "C:\Users\Cj\Documents\AskCMU CAPSTONE\backend\pseudo_ai.py" "hi" "Chris John" 2>&1
Query: hi
UserName: Chris John
Output: Hey! Ask me anything about enrollment or requirements. Is there something specific you want to ask about?
Command: "C:\Users\Cj\AppData\Local\Programs\Python\Python313\python.exe" "C:\Users\Cj\Documents\AskCMU CAPSTONE\backend\pseudo_ai.py" "meow" "Chris John" 2>&1
Query: meow
UserName: Chris John
Output: I'm not sure about that yet. You can ask about enrollment, requirements, schedule, or tuition. What would you like to know?
Command: "C:\Users\Cj\AppData\Local\Programs\Python\Python313\python.exe" "C:\Users\Cj\Documents\AskCMU CAPSTONE\backend\pseudo_ai.py" "hey" "Chris John" 2>&1
Query: hey
UserName: Chris John
Output: Hey! Ask me anything about enrollment or requirements. Is there something specific you want to ask about?
Command: "C:\Users\Cj\AppData\Local\Programs\Python\Python313\python.exe" "C:\Users\Cj\Documents\AskCMU CAPSTONE\backend\pseudo_ai.py" "enrollment" "Chris John" 2>&1
Query: enrollment
UserName: Chris John
Output: Enrollment opens August 15. Need help with the process? Would you like to know the requirements or the steps to enroll?

=== CAPTCHA Verification Start (2025-08-15 09:54:49) ===
Received token: '0cAFcWeA6plIdfjfJwyfyw4ldrJ8_98Ghe-CkK_aueCqfibPGTFnWkFq7fE2GLgnaQ0BoLgOZmy39KJzN6FwTLjXr-BLnzadXZAPWGoaEcESokfcj0oOcjTalGUJBoBpLeBW7YYnWR8ol_JqtPLt_4MowceCXHr9rgVUjg1ymLX4xD0cznHDJT3-7Iti49_tj-oHfDXf82P_bVl4xS74_sGGcECC0hjSu5WYirrkt8gO4__tF6YpCD1JJoTj0ikVZRvkonSlTZfvpD4FLSOe9t1Z8F5szQNbl_9b_Y5PlTHrz-uTD-XQmEe1b8lXgHBCFUOAEOjoaKCj4ata4yWzrf1BZ8SBP7mlm9jhTlH-uagXLz4dYWUCohXh9Z0O4xEs12rycVBM_LxfT4AU_pERf4npydmRyl9NxHMu9NklimJIMK7hTD5GpTNjnRbfzHVHMldq4b2wPA_KT4wljs8APfSSwTJE3XW32hy8yRRQ0-dSb3Fd1nuXYDopCCEbo1DVbFE0-7EqR9kSiH5JsAbuhIAL5i8Z5Rs_coJpWunDVcKLkfmbuOIL6qUCRrf7ZD8vIa6LMQhnDYA6JQGSdFMXYnj53YGV2GShvEWsKsxuz_D2SsWqpbGNiHRns0hYj-RAEczzMeiYTa40CZQJIUMGP6YO9rUCBzwRV6Kp9fRLsxl2yp8EHLKFqBVa06DUf5imCPWwmwCajEDpllm-uu-f21ZxBn7mejNI2GMKrGeHx4c6ENsWjiT7_iWwru5ReXpuHDNQPVXQRos45PqWR1NuIqKlaU1Vjj5Uxg6lts2abNE1FlsjKSR0tQ8QiKSi65qpNHiZT6LuIpjY4cfMGRS1yx664X6QqNmpyR4q7eY5BhDCOK-_AsGN5Wd170FZbgv1Ksa-2JKKI_E_XTjX9qPXQYCmhnFRUbjXee8KCysS0x3d3qR6_J2lvLM9YpjAHmuel38OUIWhP2SKyDhU_hTktxEmHtSLxCjwTj4VWMClwmdDO_XeZVbLaV8pQHpA2Fu0KY4T9MWNh9hXS5e8ViMmWtzpK2aletxf5IzB8uSp5bg3sLjcJMFlAHxl0BrZaMO83jJV9xI_QW2-7S2kgEYiW2Vz_x-eNW2Ucn21GRo4fWWpTpKTGivO9kij4NFW8eQ_HjusBrhVJXwGrBIL2oE1OKEXs2btt2MSDrwY-KK0-OLx0xedhQaslvQdGvni7eOscN7nAgqtx30OCF5HVySc8FBLa6RzSl3ovYZnshlQz93GPE8zgmA1ZKUm-viXJXcP0A5SodpNxwQapEeqEoZYJZyHpU3DLhC0TwgXEbqHQDxYtRcAcprmyWvNNnw_cI7l1UwjOZculb2ACWoSyXOJJZjsb3kDhoo1ic3FY_4sc8w_7EeVRMUV_6PSBaRZuFzSgs49U7rirRpDIpT6fkyCjoGajKAlaKsRhUGVfqDNVIuYRTiEV0JdOK6nLlybD8wGLo0vmgzzjaWfhDJVtnYAz1lSjD_Mes6v2nFo6atDKdLJA_T1uHx7GRRG-ojFXr92tYP3bgSE2jusVbqcqzl2XUoD7WWM8DeEtIA9GNy_uf3j4618HsgvhKd8c'
Request Data: Array
(
    [secret] => 6Le2vqMrAAAAANI62Vk4UllWsoeUahl1RVNSLs-m
    [response] => 0cAFcWeA6plIdfjfJwyfyw4ldrJ8_98Ghe-CkK_aueCqfibPGTFnWkFq7fE2GLgnaQ0BoLgOZmy39KJzN6FwTLjXr-BLnzadXZAPWGoaEcESokfcj0oOcjTalGUJBoBpLeBW7YYnWR8ol_JqtPLt_4MowceCXHr9rgVUjg1ymLX4xD0cznHDJT3-7Iti49_tj-oHfDXf82P_bVl4xS74_sGGcECC0hjSu5WYirrkt8gO4__tF6YpCD1JJoTj0ikVZRvkonSlTZfvpD4FLSOe9t1Z8F5szQNbl_9b_Y5PlTHrz-uTD-XQmEe1b8lXgHBCFUOAEOjoaKCj4ata4yWzrf1BZ8SBP7mlm9jhTlH-uagXLz4dYWUCohXh9Z0O4xEs12rycVBM_LxfT4AU_pERf4npydmRyl9NxHMu9NklimJIMK7hTD5GpTNjnRbfzHVHMldq4b2wPA_KT4wljs8APfSSwTJE3XW32hy8yRRQ0-dSb3Fd1nuXYDopCCEbo1DVbFE0-7EqR9kSiH5JsAbuhIAL5i8Z5Rs_coJpWunDVcKLkfmbuOIL6qUCRrf7ZD8vIa6LMQhnDYA6JQGSdFMXYnj53YGV2GShvEWsKsxuz_D2SsWqpbGNiHRns0hYj-RAEczzMeiYTa40CZQJIUMGP6YO9rUCBzwRV6Kp9fRLsxl2yp8EHLKFqBVa06DUf5imCPWwmwCajEDpllm-uu-f21ZxBn7mejNI2GMKrGeHx4c6ENsWjiT7_iWwru5ReXpuHDNQPVXQRos45PqWR1NuIqKlaU1Vjj5Uxg6lts2abNE1FlsjKSR0tQ8QiKSi65qpNHiZT6LuIpjY4cfMGRS1yx664X6QqNmpyR4q7eY5BhDCOK-_AsGN5Wd170FZbgv1Ksa-2JKKI_E_XTjX9qPXQYCmhnFRUbjXee8KCysS0x3d3qR6_J2lvLM9YpjAHmuel38OUIWhP2SKyDhU_hTktxEmHtSLxCjwTj4VWMClwmdDO_XeZVbLaV8pQHpA2Fu0KY4T9MWNh9hXS5e8ViMmWtzpK2aletxf5IzB8uSp5bg3sLjcJMFlAHxl0BrZaMO83jJV9xI_QW2-7S2kgEYiW2Vz_x-eNW2Ucn21GRo4fWWpTpKTGivO9kij4NFW8eQ_HjusBrhVJXwGrBIL2oE1OKEXs2btt2MSDrwY-KK0-OLx0xedhQaslvQdGvni7eOscN7nAgqtx30OCF5HVySc8FBLa6RzSl3ovYZnshlQz93GPE8zgmA1ZKUm-viXJXcP0A5SodpNxwQapEeqEoZYJZyHpU3DLhC0TwgXEbqHQDxYtRcAcprmyWvNNnw_cI7l1UwjOZculb2ACWoSyXOJJZjsb3kDhoo1ic3FY_4sc8w_7EeVRMUV_6PSBaRZuFzSgs49U7rirRpDIpT6fkyCjoGajKAlaKsRhUGVfqDNVIuYRTiEV0JdOK6nLlybD8wGLo0vmgzzjaWfhDJVtnYAz1lSjD_Mes6v2nFo6atDKdLJA_T1uHx7GRRG-ojFXr92tYP3bgSE2jusVbqcqzl2XUoD7WWM8DeEtIA9GNy_uf3j4618HsgvhKd8c
    [remoteip] => ::1
)

Raw response: '{
  "success": true,
  "challenge_ts": "2025-08-15T09:54:39Z",
  "hostname": "localhost"
}'
Decoded response: Array
(
    [success] => 1
    [challenge_ts] => 2025-08-15T09:54:39Z
    [hostname] => localhost
)

Command: "C:\Users\Cj\AppData\Local\Programs\Python\Python313\python.exe" "C:\Users\Cj\Documents\AskCMU CAPSTONE\backend\pseudo_ai.py" "haha" "Chris John" 2>&1
Query: haha
UserName: Chris John
Output: I'm not sure about that yet. You can ask about enrollment, requirements, schedule, or tuition. What would you like to know?
Command: "C:\Users\Cj\AppData\Local\Programs\Python\Python313\python.exe" "C:\Users\Cj\Documents\AskCMU CAPSTONE\backend\pseudo_ai.py" "hey im chirsjon whats up" "Chris John" 2>&1
Query: hey im chirsjon whats up
UserName: Chris John
Output: The tuition depends on your program. Would you like a link to the fee schedule? Would you like to know how to pay your tuition?
Command: "C:\Users\Cj\AppData\Local\Programs\Python\Python313\python.exe" "C:\Users\Cj\Documents\AskCMU CAPSTONE\backend\pseudo_ai.py" "PUTANGINA" "Chris John" 2>&1
Query: PUTANGINA
UserName: Chris John
Output: I'm not sure about that yet. You can ask about enrollment, requirements, schedule, or tuition. What would you like to know?
Command: "C:\Users\Cj\AppData\Local\Programs\Python\Python313\python.exe" "C:\Users\Cj\Documents\AskCMU CAPSTONE\backend\pseudo_ai.py" "lol" "Chris John" 2>&1
Query: lol
UserName: Chris John
Output: I'm not sure about that yet. You can ask about enrollment, requirements, schedule, or tuition. What would you like to know?
Command: "C:\Users\Cj\AppData\Local\Programs\Python\Python313\python.exe" "C:\Users\Cj\Documents\AskCMU CAPSTONE\backend\pseudo_ai.py" "MICO" "Chris John" 2>&1
Query: MICO
UserName: Chris John
Output: I'm not sure about that yet. You can ask about enrollment, requirements, schedule, or tuition. What would you like to know?
Command: "C:\Users\Cj\AppData\Local\Programs\Python\Python313\python.exe" "C:\Users\Cj\Documents\AskCMU CAPSTONE\backend\pseudo_ai.py" "hey" "Chris John" 2>&1
Query: hey
UserName: Chris John
Output: Hello! How can I help you today? Is there something specific you want to ask about?
Command: "C:\Users\Cj\AppData\Local\Programs\Python\Python313\python.exe" "C:\Users\Cj\Documents\AskCMU CAPSTONE\backend\pseudo_ai.py" "gaga" "Chris John" 2>&1
Query: gaga
UserName: Chris John
Output: I'm not sure about that yet. You can ask about enrollment, requirements, schedule, or tuition. What would you like to know?
Command: "C:\Users\Cj\AppData\Local\Programs\Python\Python313\python.exe" "C:\Users\Cj\Documents\AskCMU CAPSTONE\backend\pseudo_ai.py" "PUTANGINAMO MICO" "Chris John" 2>&1
Query: PUTANGINAMO MICO
UserName: Chris John
Output: I'm not sure about that yet. You can ask about enrollment, requirements, schedule, or tuition. What would you like to know?
